2012-10-16 23:01:11 startup archives install
2012-10-16 23:01:11 install base-files:armhf <none> 6.5ubuntu11
2012-10-16 23:01:11 status half-installed base-files:armhf 6.5ubuntu11
2012-10-16 23:01:12 status unpacked base-files:armhf 6.5ubuntu11
2012-10-16 23:01:12 status unpacked base-files:armhf 6.5ubuntu11
2012-10-16 23:01:12 install base-passwd:armhf <none> 3.5.26
2012-10-16 23:01:12 status half-installed base-passwd:armhf 3.5.26
2012-10-16 23:01:12 status unpacked base-passwd:armhf 3.5.26
2012-10-16 23:01:12 status unpacked base-passwd:armhf 3.5.26
2012-10-16 23:01:12 configure base-passwd:armhf 3.5.26 3.5.26
2012-10-16 23:01:12 status unpacked base-passwd:armhf 3.5.26
2012-10-16 23:01:12 status half-configured base-passwd:armhf 3.5.26
2012-10-16 23:01:12 status installed base-passwd:armhf 3.5.26
2012-10-16 23:01:12 configure base-files:armhf 6.5ubuntu11 6.5ubuntu11
2012-10-16 23:01:12 status unpacked base-files:armhf 6.5ubuntu11
2012-10-16 23:01:12 status unpacked base-files:armhf 6.5ubuntu11
2012-10-16 23:01:12 status unpacked base-files:armhf 6.5ubuntu11
2012-10-16 23:01:12 status unpacked base-files:armhf 6.5ubuntu11
2012-10-16 23:01:12 status unpacked base-files:armhf 6.5ubuntu11
2012-10-16 23:01:12 status unpacked base-files:armhf 6.5ubuntu11
2012-10-16 23:01:12 status unpacked base-files:armhf 6.5ubuntu11
2012-10-16 23:01:12 status unpacked base-files:armhf 6.5ubuntu11
2012-10-16 23:01:12 status unpacked base-files:armhf 6.5ubuntu11
2012-10-16 23:01:12 status unpacked base-files:armhf 6.5ubuntu11
2012-10-16 23:01:12 status unpacked base-files:armhf 6.5ubuntu11
2012-10-16 23:01:12 status half-configured base-files:armhf 6.5ubuntu11
2012-10-16 23:01:12 status installed base-files:armhf 6.5ubuntu11
2012-10-16 23:01:12 startup archives install
2012-10-16 23:01:12 upgrade dpkg 1.16.7ubuntu6 1.16.7ubuntu6
2012-10-16 23:01:12 status half-configured dpkg 1.16.7ubuntu6
2012-10-16 23:01:12 status unpacked dpkg 1.16.7ubuntu6
2012-10-16 23:01:12 status half-installed dpkg 1.16.7ubuntu6
2012-10-16 23:01:13 status half-installed dpkg 1.16.7ubuntu6
2012-10-16 23:01:13 status unpacked dpkg 1.16.7ubuntu6
2012-10-16 23:01:13 status unpacked dpkg 1.16.7ubuntu6
2012-10-16 23:01:13 configure dpkg 1.16.7ubuntu6 1.16.7ubuntu6
2012-10-16 23:01:13 status unpacked dpkg 1.16.7ubuntu6
2012-10-16 23:01:13 status unpacked dpkg 1.16.7ubuntu6
2012-10-16 23:01:13 status unpacked dpkg 1.16.7ubuntu6
2012-10-16 23:01:13 status unpacked dpkg 1.16.7ubuntu6
2012-10-16 23:01:13 status unpacked dpkg 1.16.7ubuntu6
2012-10-16 23:01:13 status half-configured dpkg 1.16.7ubuntu6
2012-10-16 23:01:13 status installed dpkg 1.16.7ubuntu6
2012-10-16 23:01:13 startup archives install
2012-10-16 23:01:13 install libc6:armhf <none> 2.15-0ubuntu20
2012-10-16 23:01:13 status half-installed libc6:armhf 2.15-0ubuntu20
2012-10-16 23:01:14 status unpacked libc6:armhf 2.15-0ubuntu20
2012-10-16 23:01:14 status unpacked libc6:armhf 2.15-0ubuntu20
2012-10-16 23:01:14 configure libc6:armhf 2.15-0ubuntu20 2.15-0ubuntu20
2012-10-16 23:01:14 status unpacked libc6:armhf 2.15-0ubuntu20
2012-10-16 23:01:14 status unpacked libc6:armhf 2.15-0ubuntu20
2012-10-16 23:01:14 status half-configured libc6:armhf 2.15-0ubuntu20
2012-10-16 23:01:15 status installed libc6:armhf 2.15-0ubuntu20
2012-10-16 23:01:15 startup archives install
2012-10-16 23:01:15 install perl-base:armhf <none> 5.14.2-13
2012-10-16 23:01:15 status half-installed perl-base:armhf 5.14.2-13
2012-10-16 23:01:16 status unpacked perl-base:armhf 5.14.2-13
2012-10-16 23:01:16 status unpacked perl-base:armhf 5.14.2-13
2012-10-16 23:01:16 configure perl-base:armhf 5.14.2-13 5.14.2-13
2012-10-16 23:01:16 status unpacked perl-base:armhf 5.14.2-13
2012-10-16 23:01:16 status half-configured perl-base:armhf 5.14.2-13
2012-10-16 23:01:16 status installed perl-base:armhf 5.14.2-13
2012-10-16 23:01:16 startup archives install
2012-10-16 23:01:16 install mawk:armhf <none> 1.3.3-17
2012-10-16 23:01:16 status half-installed mawk:armhf 1.3.3-17
2012-10-16 23:01:16 status unpacked mawk:armhf 1.3.3-17
2012-10-16 23:01:16 status unpacked mawk:armhf 1.3.3-17
2012-10-16 23:01:16 configure mawk:armhf 1.3.3-17 1.3.3-17
2012-10-16 23:01:16 status unpacked mawk:armhf 1.3.3-17
2012-10-16 23:01:16 status half-configured mawk:armhf 1.3.3-17
2012-10-16 23:01:16 status installed mawk:armhf 1.3.3-17
2012-10-16 23:01:16 startup archives unpack
2012-10-16 23:01:17 install adduser:all <none> 3.113+nmu1ubuntu1
2012-10-16 23:01:17 status half-installed adduser:all 3.113+nmu1ubuntu1
2012-10-16 23:01:20 status unpacked adduser:all 3.113+nmu1ubuntu1
2012-10-16 23:01:20 status unpacked adduser:all 3.113+nmu1ubuntu1
2012-10-16 23:01:20 upgrade base-files:armhf 6.5ubuntu11 6.5ubuntu11
2012-10-16 23:01:20 status half-configured base-files:armhf 6.5ubuntu11
2012-10-16 23:01:20 status unpacked base-files:armhf 6.5ubuntu11
2012-10-16 23:01:20 status half-installed base-files:armhf 6.5ubuntu11
2012-10-16 23:01:20 status half-installed base-files:armhf 6.5ubuntu11
2012-10-16 23:01:20 status unpacked base-files:armhf 6.5ubuntu11
2012-10-16 23:01:20 status unpacked base-files:armhf 6.5ubuntu11
2012-10-16 23:01:20 upgrade base-passwd:armhf 3.5.26 3.5.26
2012-10-16 23:01:20 status half-configured base-passwd:armhf 3.5.26
2012-10-16 23:01:20 status unpacked base-passwd:armhf 3.5.26
2012-10-16 23:01:20 status half-installed base-passwd:armhf 3.5.26
2012-10-16 23:01:20 status half-installed base-passwd:armhf 3.5.26
2012-10-16 23:01:20 status unpacked base-passwd:armhf 3.5.26
2012-10-16 23:01:20 status unpacked base-passwd:armhf 3.5.26
2012-10-16 23:01:20 install bash:armhf <none> 4.2-5ubuntu1
2012-10-16 23:01:20 status half-installed bash:armhf 4.2-5ubuntu1
2012-10-16 23:01:21 status unpacked bash:armhf 4.2-5ubuntu1
2012-10-16 23:01:21 status unpacked bash:armhf 4.2-5ubuntu1
2012-10-16 23:01:21 install bsdutils:armhf <none> 1:2.20.1-5.1ubuntu2
2012-10-16 23:01:21 status half-installed bsdutils:armhf 1:2.20.1-5.1ubuntu2
2012-10-16 23:01:21 status unpacked bsdutils:armhf 1:2.20.1-5.1ubuntu2
2012-10-16 23:01:21 status unpacked bsdutils:armhf 1:2.20.1-5.1ubuntu2
2012-10-16 23:01:21 install busybox-initramfs:armhf <none> 1:1.19.3-7ubuntu1
2012-10-16 23:01:21 status half-installed busybox-initramfs:armhf 1:1.19.3-7ubuntu1
2012-10-16 23:01:21 status unpacked busybox-initramfs:armhf 1:1.19.3-7ubuntu1
2012-10-16 23:01:21 status unpacked busybox-initramfs:armhf 1:1.19.3-7ubuntu1
2012-10-16 23:01:21 install coreutils:armhf <none> 8.13-3.2ubuntu2
2012-10-16 23:01:21 status half-installed coreutils:armhf 8.13-3.2ubuntu2
2012-10-16 23:01:21 status unpacked coreutils:armhf 8.13-3.2ubuntu2
2012-10-16 23:01:21 status unpacked coreutils:armhf 8.13-3.2ubuntu2
2012-10-16 23:01:21 install cpio:armhf <none> 2.11-8ubuntu3
2012-10-16 23:01:21 status half-installed cpio:armhf 2.11-8ubuntu3
2012-10-16 23:01:21 status unpacked cpio:armhf 2.11-8ubuntu3
2012-10-16 23:01:21 status unpacked cpio:armhf 2.11-8ubuntu3
2012-10-16 23:01:21 install dash:armhf <none> 0.5.7-3ubuntu1
2012-10-16 23:01:21 status half-installed dash:armhf 0.5.7-3ubuntu1
2012-10-16 23:01:22 status unpacked dash:armhf 0.5.7-3ubuntu1
2012-10-16 23:01:22 status unpacked dash:armhf 0.5.7-3ubuntu1
2012-10-16 23:01:22 install debconf:all <none> 1.5.46ubuntu1
2012-10-16 23:01:22 status half-installed debconf:all 1.5.46ubuntu1
2012-10-16 23:01:22 status unpacked debconf:all 1.5.46ubuntu1
2012-10-16 23:01:22 status unpacked debconf:all 1.5.46ubuntu1
2012-10-16 23:01:22 install debianutils:armhf <none> 4.3.4
2012-10-16 23:01:22 status half-installed debianutils:armhf 4.3.4
2012-10-16 23:01:22 status unpacked debianutils:armhf 4.3.4
2012-10-16 23:01:22 status unpacked debianutils:armhf 4.3.4
2012-10-16 23:01:22 install diffutils:armhf <none> 1:3.2-6ubuntu1
2012-10-16 23:01:22 status half-installed diffutils:armhf 1:3.2-6ubuntu1
2012-10-16 23:01:22 status unpacked diffutils:armhf 1:3.2-6ubuntu1
2012-10-16 23:01:22 status unpacked diffutils:armhf 1:3.2-6ubuntu1
2012-10-16 23:01:22 upgrade dpkg:armhf 1.16.7ubuntu6 1.16.7ubuntu6
2012-10-16 23:01:22 status half-configured dpkg:armhf 1.16.7ubuntu6
2012-10-16 23:01:22 status unpacked dpkg:armhf 1.16.7ubuntu6
2012-10-16 23:01:22 status half-installed dpkg:armhf 1.16.7ubuntu6
2012-10-16 23:01:23 status half-installed dpkg:armhf 1.16.7ubuntu6
2012-10-16 23:01:23 status unpacked dpkg:armhf 1.16.7ubuntu6
2012-10-16 23:01:23 status unpacked dpkg:armhf 1.16.7ubuntu6
2012-10-16 23:01:23 install e2fslibs:armhf <none> 1.42.5-1ubuntu2
2012-10-16 23:01:23 status half-installed e2fslibs:armhf 1.42.5-1ubuntu2
2012-10-16 23:01:23 status unpacked e2fslibs:armhf 1.42.5-1ubuntu2
2012-10-16 23:01:23 status unpacked e2fslibs:armhf 1.42.5-1ubuntu2
2012-10-16 23:01:23 install e2fsprogs:armhf <none> 1.42.5-1ubuntu2
2012-10-16 23:01:23 status half-installed e2fsprogs:armhf 1.42.5-1ubuntu2
2012-10-16 23:01:23 status unpacked e2fsprogs:armhf 1.42.5-1ubuntu2
2012-10-16 23:01:23 status unpacked e2fsprogs:armhf 1.42.5-1ubuntu2
2012-10-16 23:01:23 install findutils:armhf <none> 4.4.2-4ubuntu2
2012-10-16 23:01:23 status half-installed findutils:armhf 4.4.2-4ubuntu2
2012-10-16 23:01:23 status unpacked findutils:armhf 4.4.2-4ubuntu2
2012-10-16 23:01:23 status unpacked findutils:armhf 4.4.2-4ubuntu2
2012-10-16 23:01:23 install gcc-4.7-base:armhf <none> 4.7.2-2ubuntu1
2012-10-16 23:01:23 status half-installed gcc-4.7-base:armhf 4.7.2-2ubuntu1
2012-10-16 23:01:23 status unpacked gcc-4.7-base:armhf 4.7.2-2ubuntu1
2012-10-16 23:01:23 status unpacked gcc-4.7-base:armhf 4.7.2-2ubuntu1
2012-10-16 23:01:23 install grep:armhf <none> 2.12-2
2012-10-16 23:01:23 status half-installed grep:armhf 2.12-2
2012-10-16 23:01:24 status unpacked grep:armhf 2.12-2
2012-10-16 23:01:24 status unpacked grep:armhf 2.12-2
2012-10-16 23:01:24 install gzip:armhf <none> 1.5-1.1ubuntu1
2012-10-16 23:01:24 status half-installed gzip:armhf 1.5-1.1ubuntu1
2012-10-16 23:01:24 status unpacked gzip:armhf 1.5-1.1ubuntu1
2012-10-16 23:01:24 status unpacked gzip:armhf 1.5-1.1ubuntu1
2012-10-16 23:01:24 install hostname:armhf <none> 3.11ubuntu1
2012-10-16 23:01:24 status half-installed hostname:armhf 3.11ubuntu1
2012-10-16 23:01:24 status unpacked hostname:armhf 3.11ubuntu1
2012-10-16 23:01:24 status unpacked hostname:armhf 3.11ubuntu1
2012-10-16 23:01:24 install ifupdown:armhf <none> 0.7.2ubuntu2
2012-10-16 23:01:24 status half-installed ifupdown:armhf 0.7.2ubuntu2
2012-10-16 23:01:24 status unpacked ifupdown:armhf 0.7.2ubuntu2
2012-10-16 23:01:24 status unpacked ifupdown:armhf 0.7.2ubuntu2
2012-10-16 23:01:24 install initramfs-tools:all <none> 0.103ubuntu0.2
2012-10-16 23:01:24 status half-installed initramfs-tools:all 0.103ubuntu0.2
2012-10-16 23:01:24 status unpacked initramfs-tools:all 0.103ubuntu0.2
2012-10-16 23:01:24 status unpacked initramfs-tools:all 0.103ubuntu0.2
2012-10-16 23:01:24 install initramfs-tools-bin:armhf <none> 0.103ubuntu0.2
2012-10-16 23:01:24 status half-installed initramfs-tools-bin:armhf 0.103ubuntu0.2
2012-10-16 23:01:24 status unpacked initramfs-tools-bin:armhf 0.103ubuntu0.2
2012-10-16 23:01:24 status unpacked initramfs-tools-bin:armhf 0.103ubuntu0.2
2012-10-16 23:01:24 install initscripts:armhf <none> 2.88dsf-13.10ubuntu13
2012-10-16 23:01:24 status half-installed initscripts:armhf 2.88dsf-13.10ubuntu13
2012-10-16 23:01:24 status unpacked initscripts:armhf 2.88dsf-13.10ubuntu13
2012-10-16 23:01:24 status unpacked initscripts:armhf 2.88dsf-13.10ubuntu13
2012-10-16 23:01:24 install insserv:armhf <none> 1.14.0-4ubuntu1
2012-10-16 23:01:24 status half-installed insserv:armhf 1.14.0-4ubuntu1
2012-10-16 23:01:24 status unpacked insserv:armhf 1.14.0-4ubuntu1
2012-10-16 23:01:24 status unpacked insserv:armhf 1.14.0-4ubuntu1
2012-10-16 23:01:25 install iproute:armhf <none> 20120521-3ubuntu1
2012-10-16 23:01:25 status half-installed iproute:armhf 20120521-3ubuntu1
2012-10-16 23:01:25 status unpacked iproute:armhf 20120521-3ubuntu1
2012-10-16 23:01:25 status unpacked iproute:armhf 20120521-3ubuntu1
2012-10-16 23:01:25 install klibc-utils:armhf <none> 2.0.1-1ubuntu2
2012-10-16 23:01:25 status half-installed klibc-utils:armhf 2.0.1-1ubuntu2
2012-10-16 23:01:25 status unpacked klibc-utils:armhf 2.0.1-1ubuntu2
2012-10-16 23:01:25 status unpacked klibc-utils:armhf 2.0.1-1ubuntu2
2012-10-16 23:01:25 install libacl1:armhf <none> 2.2.51-8ubuntu2
2012-10-16 23:01:25 status half-installed libacl1:armhf 2.2.51-8ubuntu2
2012-10-16 23:01:25 status unpacked libacl1:armhf 2.2.51-8ubuntu2
2012-10-16 23:01:25 status unpacked libacl1:armhf 2.2.51-8ubuntu2
2012-10-16 23:01:25 install libattr1:armhf <none> 1:2.4.46-8ubuntu1
2012-10-16 23:01:25 status half-installed libattr1:armhf 1:2.4.46-8ubuntu1
2012-10-16 23:01:25 status unpacked libattr1:armhf 1:2.4.46-8ubuntu1
2012-10-16 23:01:25 status unpacked libattr1:armhf 1:2.4.46-8ubuntu1
2012-10-16 23:01:25 install libblkid1:armhf <none> 2.20.1-5.1ubuntu2
2012-10-16 23:01:25 status half-installed libblkid1:armhf 2.20.1-5.1ubuntu2
2012-10-16 23:01:25 status unpacked libblkid1:armhf 2.20.1-5.1ubuntu2
2012-10-16 23:01:25 status unpacked libblkid1:armhf 2.20.1-5.1ubuntu2
2012-10-16 23:01:25 install libbz2-1.0:armhf <none> 1.0.6-4
2012-10-16 23:01:25 status half-installed libbz2-1.0:armhf 1.0.6-4
2012-10-16 23:01:25 status unpacked libbz2-1.0:armhf 1.0.6-4
2012-10-16 23:01:25 status unpacked libbz2-1.0:armhf 1.0.6-4
2012-10-16 23:01:25 install libc-bin:armhf <none> 2.15-0ubuntu20
2012-10-16 23:01:25 status half-installed libc-bin:armhf 2.15-0ubuntu20
2012-10-16 23:01:26 status unpacked libc-bin:armhf 2.15-0ubuntu20
2012-10-16 23:01:26 status unpacked libc-bin:armhf 2.15-0ubuntu20
2012-10-16 23:01:26 upgrade libc6:armhf 2.15-0ubuntu20 2.15-0ubuntu20
2012-10-16 23:01:26 status half-configured libc6:armhf 2.15-0ubuntu20
2012-10-16 23:01:26 status unpacked libc6:armhf 2.15-0ubuntu20
2012-10-16 23:01:26 status half-installed libc6:armhf 2.15-0ubuntu20
2012-10-16 23:01:27 status half-installed libc6:armhf 2.15-0ubuntu20
2012-10-16 23:01:27 status unpacked libc6:armhf 2.15-0ubuntu20
2012-10-16 23:01:27 status unpacked libc6:armhf 2.15-0ubuntu20
2012-10-16 23:01:27 install libcomerr2:armhf <none> 1.42.5-1ubuntu2
2012-10-16 23:01:27 status half-installed libcomerr2:armhf 1.42.5-1ubuntu2
2012-10-16 23:01:27 status unpacked libcomerr2:armhf 1.42.5-1ubuntu2
2012-10-16 23:01:27 status unpacked libcomerr2:armhf 1.42.5-1ubuntu2
2012-10-16 23:01:27 install libdb5.1:armhf <none> 5.1.29-5ubuntu2
2012-10-16 23:01:27 status half-installed libdb5.1:armhf 5.1.29-5ubuntu2
2012-10-16 23:01:28 status unpacked libdb5.1:armhf 5.1.29-5ubuntu2
2012-10-16 23:01:28 status unpacked libdb5.1:armhf 5.1.29-5ubuntu2
2012-10-16 23:01:28 install libdbus-1-3:armhf <none> 1.6.4-1ubuntu4
2012-10-16 23:01:28 status half-installed libdbus-1-3:armhf 1.6.4-1ubuntu4
2012-10-16 23:01:28 status unpacked libdbus-1-3:armhf 1.6.4-1ubuntu4
2012-10-16 23:01:28 status unpacked libdbus-1-3:armhf 1.6.4-1ubuntu4
2012-10-16 23:01:28 install libdrm-nouveau1a:armhf <none> 2.4.39-0ubuntu1
2012-10-16 23:01:28 status half-installed libdrm-nouveau1a:armhf 2.4.39-0ubuntu1
2012-10-16 23:01:28 status unpacked libdrm-nouveau1a:armhf 2.4.39-0ubuntu1
2012-10-16 23:01:28 status unpacked libdrm-nouveau1a:armhf 2.4.39-0ubuntu1
2012-10-16 23:01:28 install libdrm-radeon1:armhf <none> 2.4.39-0ubuntu1
2012-10-16 23:01:28 status half-installed libdrm-radeon1:armhf 2.4.39-0ubuntu1
2012-10-16 23:01:28 status unpacked libdrm-radeon1:armhf 2.4.39-0ubuntu1
2012-10-16 23:01:28 status unpacked libdrm-radeon1:armhf 2.4.39-0ubuntu1
2012-10-16 23:01:28 install libdrm2:armhf <none> 2.4.39-0ubuntu1
2012-10-16 23:01:28 status half-installed libdrm2:armhf 2.4.39-0ubuntu1
2012-10-16 23:01:28 status unpacked libdrm2:armhf 2.4.39-0ubuntu1
2012-10-16 23:01:28 status unpacked libdrm2:armhf 2.4.39-0ubuntu1
2012-10-16 23:01:28 install libexpat1:armhf <none> 2.1.0-1ubuntu1
2012-10-16 23:01:28 status half-installed libexpat1:armhf 2.1.0-1ubuntu1
2012-10-16 23:01:28 status unpacked libexpat1:armhf 2.1.0-1ubuntu1
2012-10-16 23:01:28 status unpacked libexpat1:armhf 2.1.0-1ubuntu1
2012-10-16 23:01:28 install libffi6:armhf <none> 3.0.11-2
2012-10-16 23:01:28 status half-installed libffi6:armhf 3.0.11-2
2012-10-16 23:01:28 status unpacked libffi6:armhf 3.0.11-2
2012-10-16 23:01:28 status unpacked libffi6:armhf 3.0.11-2
2012-10-16 23:01:28 install libgcc1:armhf <none> 1:4.7.2-2ubuntu1
2012-10-16 23:01:28 status half-installed libgcc1:armhf 1:4.7.2-2ubuntu1
2012-10-16 23:01:28 status unpacked libgcc1:armhf 1:4.7.2-2ubuntu1
2012-10-16 23:01:28 status unpacked libgcc1:armhf 1:4.7.2-2ubuntu1
2012-10-16 23:01:28 install libglib2.0-0:armhf <none> 2.34.0-1ubuntu1
2012-10-16 23:01:28 status half-installed libglib2.0-0:armhf 2.34.0-1ubuntu1
2012-10-16 23:01:29 status unpacked libglib2.0-0:armhf 2.34.0-1ubuntu1
2012-10-16 23:01:29 status unpacked libglib2.0-0:armhf 2.34.0-1ubuntu1
2012-10-16 23:01:29 install libklibc:armhf <none> 2.0.1-1ubuntu2
2012-10-16 23:01:29 status half-installed libklibc:armhf 2.0.1-1ubuntu2
2012-10-16 23:01:29 status unpacked libklibc:armhf 2.0.1-1ubuntu2
2012-10-16 23:01:29 status unpacked libklibc:armhf 2.0.1-1ubuntu2
2012-10-16 23:01:29 install libkms1:armhf <none> 2.4.39-0ubuntu1
2012-10-16 23:01:29 status half-installed libkms1:armhf 2.4.39-0ubuntu1
2012-10-16 23:01:29 status unpacked libkms1:armhf 2.4.39-0ubuntu1
2012-10-16 23:01:29 status unpacked libkms1:armhf 2.4.39-0ubuntu1
2012-10-16 23:01:29 install liblzma5:armhf <none> 5.1.1alpha+20120614-1
2012-10-16 23:01:29 status half-installed liblzma5:armhf 5.1.1alpha+20120614-1
2012-10-16 23:01:29 status unpacked liblzma5:armhf 5.1.1alpha+20120614-1
2012-10-16 23:01:29 status unpacked liblzma5:armhf 5.1.1alpha+20120614-1
2012-10-16 23:01:29 install libmount1:armhf <none> 2.20.1-5.1ubuntu2
2012-10-16 23:01:29 status half-installed libmount1:armhf 2.20.1-5.1ubuntu2
2012-10-16 23:01:29 status unpacked libmount1:armhf 2.20.1-5.1ubuntu2
2012-10-16 23:01:29 status unpacked libmount1:armhf 2.20.1-5.1ubuntu2
2012-10-16 23:01:29 install libncurses5:armhf <none> 5.9-10ubuntu1
2012-10-16 23:01:29 status half-installed libncurses5:armhf 5.9-10ubuntu1
2012-10-16 23:01:29 status unpacked libncurses5:armhf 5.9-10ubuntu1
2012-10-16 23:01:29 status unpacked libncurses5:armhf 5.9-10ubuntu1
2012-10-16 23:01:29 install libncursesw5:armhf <none> 5.9-10ubuntu1
2012-10-16 23:01:29 status half-installed libncursesw5:armhf 5.9-10ubuntu1
2012-10-16 23:01:29 status unpacked libncursesw5:armhf 5.9-10ubuntu1
2012-10-16 23:01:29 status unpacked libncursesw5:armhf 5.9-10ubuntu1
2012-10-16 23:01:29 install libnih-dbus1:armhf <none> 1.0.3-4ubuntu11
2012-10-16 23:01:29 status half-installed libnih-dbus1:armhf 1.0.3-4ubuntu11
2012-10-16 23:01:29 status unpacked libnih-dbus1:armhf 1.0.3-4ubuntu11
2012-10-16 23:01:29 status unpacked libnih-dbus1:armhf 1.0.3-4ubuntu11
2012-10-16 23:01:29 install libnih1:armhf <none> 1.0.3-4ubuntu11
2012-10-16 23:01:29 status half-installed libnih1:armhf 1.0.3-4ubuntu11
2012-10-16 23:01:29 status unpacked libnih1:armhf 1.0.3-4ubuntu11
2012-10-16 23:01:29 status unpacked libnih1:armhf 1.0.3-4ubuntu11
2012-10-16 23:01:30 install libpam-modules:armhf <none> 1.1.3-7ubuntu3
2012-10-16 23:01:30 status half-installed libpam-modules:armhf 1.1.3-7ubuntu3
2012-10-16 23:01:30 status unpacked libpam-modules:armhf 1.1.3-7ubuntu3
2012-10-16 23:01:30 status unpacked libpam-modules:armhf 1.1.3-7ubuntu3
2012-10-16 23:01:30 install libpam-modules-bin:armhf <none> 1.1.3-7ubuntu3
2012-10-16 23:01:30 status half-installed libpam-modules-bin:armhf 1.1.3-7ubuntu3
2012-10-16 23:01:30 status unpacked libpam-modules-bin:armhf 1.1.3-7ubuntu3
2012-10-16 23:01:30 status unpacked libpam-modules-bin:armhf 1.1.3-7ubuntu3
2012-10-16 23:01:30 install libpam-runtime:all <none> 1.1.3-7ubuntu3
2012-10-16 23:01:30 status half-installed libpam-runtime:all 1.1.3-7ubuntu3
2012-10-16 23:01:30 status unpacked libpam-runtime:all 1.1.3-7ubuntu3
2012-10-16 23:01:30 status unpacked libpam-runtime:all 1.1.3-7ubuntu3
2012-10-16 23:01:30 install libpam0g:armhf <none> 1.1.3-7ubuntu3
2012-10-16 23:01:30 status half-installed libpam0g:armhf 1.1.3-7ubuntu3
2012-10-16 23:01:30 status unpacked libpam0g:armhf 1.1.3-7ubuntu3
2012-10-16 23:01:30 status unpacked libpam0g:armhf 1.1.3-7ubuntu3
2012-10-16 23:01:30 install libpcre3:armhf <none> 1:8.30-5ubuntu1
2012-10-16 23:01:30 status half-installed libpcre3:armhf 1:8.30-5ubuntu1
2012-10-16 23:01:31 status unpacked libpcre3:armhf 1:8.30-5ubuntu1
2012-10-16 23:01:31 status unpacked libpcre3:armhf 1:8.30-5ubuntu1
2012-10-16 23:01:31 install libplymouth2:armhf <none> 0.8.4-0ubuntu3
2012-10-16 23:01:31 status half-installed libplymouth2:armhf 0.8.4-0ubuntu3
2012-10-16 23:01:31 status unpacked libplymouth2:armhf 0.8.4-0ubuntu3
2012-10-16 23:01:31 status unpacked libplymouth2:armhf 0.8.4-0ubuntu3
2012-10-16 23:01:31 install libpng12-0:armhf <none> 1.2.49-1ubuntu1
2012-10-16 23:01:31 status half-installed libpng12-0:armhf 1.2.49-1ubuntu1
2012-10-16 23:01:31 status unpacked libpng12-0:armhf 1.2.49-1ubuntu1
2012-10-16 23:01:31 status unpacked libpng12-0:armhf 1.2.49-1ubuntu1
2012-10-16 23:01:31 install libprocps0:armhf <none> 1:3.3.3-2ubuntu3
2012-10-16 23:01:31 status half-installed libprocps0:armhf 1:3.3.3-2ubuntu3
2012-10-16 23:01:31 status unpacked libprocps0:armhf 1:3.3.3-2ubuntu3
2012-10-16 23:01:31 status unpacked libprocps0:armhf 1:3.3.3-2ubuntu3
2012-10-16 23:01:31 install libselinux1:armhf <none> 2.1.9-5ubuntu1
2012-10-16 23:01:31 status half-installed libselinux1:armhf 2.1.9-5ubuntu1
2012-10-16 23:01:31 status unpacked libselinux1:armhf 2.1.9-5ubuntu1
2012-10-16 23:01:31 status unpacked libselinux1:armhf 2.1.9-5ubuntu1
2012-10-16 23:01:31 install libslang2:armhf <none> 2.2.4-15ubuntu1
2012-10-16 23:01:31 status half-installed libslang2:armhf 2.2.4-15ubuntu1
2012-10-16 23:01:31 status unpacked libslang2:armhf 2.2.4-15ubuntu1
2012-10-16 23:01:31 status unpacked libslang2:armhf 2.2.4-15ubuntu1
2012-10-16 23:01:31 install libss2:armhf <none> 1.42.5-1ubuntu2
2012-10-16 23:01:31 status half-installed libss2:armhf 1.42.5-1ubuntu2
2012-10-16 23:01:31 status unpacked libss2:armhf 1.42.5-1ubuntu2
2012-10-16 23:01:31 status unpacked libss2:armhf 1.42.5-1ubuntu2
2012-10-16 23:01:31 install libtinfo5:armhf <none> 5.9-10ubuntu1
2012-10-16 23:01:31 status half-installed libtinfo5:armhf 5.9-10ubuntu1
2012-10-16 23:01:31 status unpacked libtinfo5:armhf 5.9-10ubuntu1
2012-10-16 23:01:31 status unpacked libtinfo5:armhf 5.9-10ubuntu1
2012-10-16 23:01:32 install libudev0:armhf <none> 175-0ubuntu13
2012-10-16 23:01:32 status half-installed libudev0:armhf 175-0ubuntu13
2012-10-16 23:01:32 status unpacked libudev0:armhf 175-0ubuntu13
2012-10-16 23:01:32 status unpacked libudev0:armhf 175-0ubuntu13
2012-10-16 23:01:32 install libuuid1:armhf <none> 2.20.1-5.1ubuntu2
2012-10-16 23:01:32 status half-installed libuuid1:armhf 2.20.1-5.1ubuntu2
2012-10-16 23:01:32 status unpacked libuuid1:armhf 2.20.1-5.1ubuntu2
2012-10-16 23:01:32 status unpacked libuuid1:armhf 2.20.1-5.1ubuntu2
2012-10-16 23:01:32 install locales:all <none> 2.13+git20120306-3
2012-10-16 23:01:32 status half-installed locales:all 2.13+git20120306-3
2012-10-16 23:01:33 status unpacked locales:all 2.13+git20120306-3
2012-10-16 23:01:33 status unpacked locales:all 2.13+git20120306-3
2012-10-16 23:01:33 install login:armhf <none> 1:4.1.4.2+svn3283-3ubuntu7
2012-10-16 23:01:33 status half-installed login:armhf 1:4.1.4.2+svn3283-3ubuntu7
2012-10-16 23:01:33 status unpacked login:armhf 1:4.1.4.2+svn3283-3ubuntu7
2012-10-16 23:01:33 status unpacked login:armhf 1:4.1.4.2+svn3283-3ubuntu7
2012-10-16 23:01:33 install lsb-base:all <none> 4.0-0ubuntu26
2012-10-16 23:01:33 status half-installed lsb-base:all 4.0-0ubuntu26
2012-10-16 23:01:33 status unpacked lsb-base:all 4.0-0ubuntu26
2012-10-16 23:01:33 status unpacked lsb-base:all 4.0-0ubuntu26
2012-10-16 23:01:33 install makedev:all <none> 2.3.1-91ubuntu2
2012-10-16 23:01:33 status half-installed makedev:all 2.3.1-91ubuntu2
2012-10-16 23:01:33 status unpacked makedev:all 2.3.1-91ubuntu2
2012-10-16 23:01:33 status unpacked makedev:all 2.3.1-91ubuntu2
2012-10-16 23:01:33 upgrade mawk:armhf 1.3.3-17 1.3.3-17
2012-10-16 23:01:33 status half-configured mawk:armhf 1.3.3-17
2012-10-16 23:01:33 status unpacked mawk:armhf 1.3.3-17
2012-10-16 23:01:33 status half-installed mawk:armhf 1.3.3-17
2012-10-16 23:01:33 status half-installed mawk:armhf 1.3.3-17
2012-10-16 23:01:33 status unpacked mawk:armhf 1.3.3-17
2012-10-16 23:01:33 status unpacked mawk:armhf 1.3.3-17
2012-10-16 23:01:33 install module-init-tools:armhf <none> 3.16-1ubuntu6
2012-10-16 23:01:33 status half-installed module-init-tools:armhf 3.16-1ubuntu6
2012-10-16 23:01:34 status unpacked module-init-tools:armhf 3.16-1ubuntu6
2012-10-16 23:01:34 status unpacked module-init-tools:armhf 3.16-1ubuntu6
2012-10-16 23:01:34 install mount:armhf <none> 2.20.1-5.1ubuntu2
2012-10-16 23:01:34 status half-installed mount:armhf 2.20.1-5.1ubuntu2
2012-10-16 23:01:34 status unpacked mount:armhf 2.20.1-5.1ubuntu2
2012-10-16 23:01:34 status unpacked mount:armhf 2.20.1-5.1ubuntu2
2012-10-16 23:01:34 install mountall:armhf <none> 2.42
2012-10-16 23:01:34 status half-installed mountall:armhf 2.42
2012-10-16 23:01:34 status unpacked mountall:armhf 2.42
2012-10-16 23:01:34 status unpacked mountall:armhf 2.42
2012-10-16 23:01:34 install multiarch-support:armhf <none> 2.15-0ubuntu20
2012-10-16 23:01:34 status half-installed multiarch-support:armhf 2.15-0ubuntu20
2012-10-16 23:01:34 status unpacked multiarch-support:armhf 2.15-0ubuntu20
2012-10-16 23:01:34 status unpacked multiarch-support:armhf 2.15-0ubuntu20
2012-10-16 23:01:34 install ncurses-base:all <none> 5.9-10ubuntu1
2012-10-16 23:01:34 status half-installed ncurses-base:all 5.9-10ubuntu1
2012-10-16 23:01:34 status unpacked ncurses-base:all 5.9-10ubuntu1
2012-10-16 23:01:34 status unpacked ncurses-base:all 5.9-10ubuntu1
2012-10-16 23:01:34 install ncurses-bin:armhf <none> 5.9-10ubuntu1
2012-10-16 23:01:34 status half-installed ncurses-bin:armhf 5.9-10ubuntu1
2012-10-16 23:01:34 status unpacked ncurses-bin:armhf 5.9-10ubuntu1
2012-10-16 23:01:34 status unpacked ncurses-bin:armhf 5.9-10ubuntu1
2012-10-16 23:01:34 install passwd:armhf <none> 1:4.1.4.2+svn3283-3ubuntu7
2012-10-16 23:01:34 status half-installed passwd:armhf 1:4.1.4.2+svn3283-3ubuntu7
2012-10-16 23:01:35 status unpacked passwd:armhf 1:4.1.4.2+svn3283-3ubuntu7
2012-10-16 23:01:35 status unpacked passwd:armhf 1:4.1.4.2+svn3283-3ubuntu7
2012-10-16 23:01:35 upgrade perl-base:armhf 5.14.2-13 5.14.2-13
2012-10-16 23:01:35 status half-configured perl-base:armhf 5.14.2-13
2012-10-16 23:01:35 status unpacked perl-base:armhf 5.14.2-13
2012-10-16 23:01:35 status half-installed perl-base:armhf 5.14.2-13
2012-10-16 23:01:36 status half-installed perl-base:armhf 5.14.2-13
2012-10-16 23:01:36 status unpacked perl-base:armhf 5.14.2-13
2012-10-16 23:01:36 status unpacked perl-base:armhf 5.14.2-13
2012-10-16 23:01:36 install plymouth:armhf <none> 0.8.4-0ubuntu3
2012-10-16 23:01:36 status half-installed plymouth:armhf 0.8.4-0ubuntu3
2012-10-16 23:01:36 status unpacked plymouth:armhf 0.8.4-0ubuntu3
2012-10-16 23:01:36 status unpacked plymouth:armhf 0.8.4-0ubuntu3
2012-10-16 23:01:36 install procps:armhf <none> 1:3.3.3-2ubuntu3
2012-10-16 23:01:36 status half-installed procps:armhf 1:3.3.3-2ubuntu3
2012-10-16 23:01:36 status unpacked procps:armhf 1:3.3.3-2ubuntu3
2012-10-16 23:01:36 status unpacked procps:armhf 1:3.3.3-2ubuntu3
2012-10-16 23:01:36 install python3-minimal:all <none> 3.2.3-5ubuntu1
2012-10-16 23:01:36 status half-installed python3-minimal:all 3.2.3-5ubuntu1
2012-10-16 23:01:36 status unpacked python3-minimal:all 3.2.3-5ubuntu1
2012-10-16 23:01:36 status unpacked python3-minimal:all 3.2.3-5ubuntu1
2012-10-16 23:01:37 install python3.2-minimal:armhf <none> 3.2.3-6ubuntu3
2012-10-16 23:01:37 status half-installed python3.2-minimal:armhf 3.2.3-6ubuntu3
2012-10-16 23:01:37 status unpacked python3.2-minimal:armhf 3.2.3-6ubuntu3
2012-10-16 23:01:37 status unpacked python3.2-minimal:armhf 3.2.3-6ubuntu3
2012-10-16 23:01:37 install sed:armhf <none> 4.2.1-10ubuntu1
2012-10-16 23:01:37 status half-installed sed:armhf 4.2.1-10ubuntu1
2012-10-16 23:01:37 status unpacked sed:armhf 4.2.1-10ubuntu1
2012-10-16 23:01:37 status unpacked sed:armhf 4.2.1-10ubuntu1
2012-10-16 23:01:37 install sensible-utils:all <none> 0.0.7ubuntu1
2012-10-16 23:01:37 status half-installed sensible-utils:all 0.0.7ubuntu1
2012-10-16 23:01:37 status unpacked sensible-utils:all 0.0.7ubuntu1
2012-10-16 23:01:37 status unpacked sensible-utils:all 0.0.7ubuntu1
2012-10-16 23:01:37 install sysv-rc:all <none> 2.88dsf-13.10ubuntu13
2012-10-16 23:01:37 status half-installed sysv-rc:all 2.88dsf-13.10ubuntu13
2012-10-16 23:01:37 status unpacked sysv-rc:all 2.88dsf-13.10ubuntu13
2012-10-16 23:01:37 status unpacked sysv-rc:all 2.88dsf-13.10ubuntu13
2012-10-16 23:01:38 install sysvinit-utils:armhf <none> 2.88dsf-13.10ubuntu13
2012-10-16 23:01:38 status half-installed sysvinit-utils:armhf 2.88dsf-13.10ubuntu13
2012-10-16 23:01:38 status unpacked sysvinit-utils:armhf 2.88dsf-13.10ubuntu13
2012-10-16 23:01:38 status unpacked sysvinit-utils:armhf 2.88dsf-13.10ubuntu13
2012-10-16 23:01:38 install tar:armhf <none> 1.26-4ubuntu1
2012-10-16 23:01:38 status half-installed tar:armhf 1.26-4ubuntu1
2012-10-16 23:01:38 status unpacked tar:armhf 1.26-4ubuntu1
2012-10-16 23:01:38 status unpacked tar:armhf 1.26-4ubuntu1
2012-10-16 23:01:38 install tzdata:all <none> 2012e-0ubuntu2
2012-10-16 23:01:38 status half-installed tzdata:all 2012e-0ubuntu2
2012-10-16 23:01:39 status unpacked tzdata:all 2012e-0ubuntu2
2012-10-16 23:01:39 status unpacked tzdata:all 2012e-0ubuntu2
2012-10-16 23:01:39 install udev:armhf <none> 175-0ubuntu13
2012-10-16 23:01:39 status half-installed udev:armhf 175-0ubuntu13
2012-10-16 23:01:40 status unpacked udev:armhf 175-0ubuntu13
2012-10-16 23:01:40 status unpacked udev:armhf 175-0ubuntu13
2012-10-16 23:01:40 install upstart:armhf <none> 1.5-0ubuntu9
2012-10-16 23:01:40 status half-installed upstart:armhf 1.5-0ubuntu9
2012-10-16 23:01:40 status unpacked upstart:armhf 1.5-0ubuntu9
2012-10-16 23:01:40 status unpacked upstart:armhf 1.5-0ubuntu9
2012-10-16 23:01:40 install util-linux:armhf <none> 2.20.1-5.1ubuntu2
2012-10-16 23:01:40 status half-installed util-linux:armhf 2.20.1-5.1ubuntu2
2012-10-16 23:01:40 status unpacked util-linux:armhf 2.20.1-5.1ubuntu2
2012-10-16 23:01:40 status unpacked util-linux:armhf 2.20.1-5.1ubuntu2
2012-10-16 23:01:40 install zlib1g:armhf <none> 1:1.2.7.dfsg-13
2012-10-16 23:01:40 status half-installed zlib1g:armhf 1:1.2.7.dfsg-13
2012-10-16 23:01:40 status unpacked zlib1g:armhf 1:1.2.7.dfsg-13
2012-10-16 23:01:40 status unpacked zlib1g:armhf 1:1.2.7.dfsg-13
2012-10-16 23:01:40 startup packages configure
2012-10-16 23:01:40 configure ncurses-base:all 5.9-10ubuntu1 <none>
2012-10-16 23:01:40 status unpacked ncurses-base:all 5.9-10ubuntu1
2012-10-16 23:01:40 status unpacked ncurses-base:all 5.9-10ubuntu1
2012-10-16 23:01:40 status half-configured ncurses-base:all 5.9-10ubuntu1
2012-10-16 23:01:40 status installed ncurses-base:all 5.9-10ubuntu1
2012-10-16 23:01:40 configure sensible-utils:all 0.0.7ubuntu1 <none>
2012-10-16 23:01:40 status unpacked sensible-utils:all 0.0.7ubuntu1
2012-10-16 23:01:41 status half-configured sensible-utils:all 0.0.7ubuntu1
2012-10-16 23:01:41 status installed sensible-utils:all 0.0.7ubuntu1
2012-10-16 23:01:41 configure libklibc:armhf 2.0.1-1ubuntu2 <none>
2012-10-16 23:01:41 status unpacked libklibc:armhf 2.0.1-1ubuntu2
2012-10-16 23:01:41 status half-configured libklibc:armhf 2.0.1-1ubuntu2
2012-10-16 23:01:41 status installed libklibc:armhf 2.0.1-1ubuntu2
2012-10-16 23:01:41 configure klibc-utils:armhf 2.0.1-1ubuntu2 <none>
2012-10-16 23:01:41 status unpacked klibc-utils:armhf 2.0.1-1ubuntu2
2012-10-16 23:01:41 status half-configured klibc-utils:armhf 2.0.1-1ubuntu2
2012-10-16 23:01:41 status installed klibc-utils:armhf 2.0.1-1ubuntu2
2012-10-16 23:01:41 configure gcc-4.7-base:armhf 4.7.2-2ubuntu1 <none>
2012-10-16 23:01:41 status unpacked gcc-4.7-base:armhf 4.7.2-2ubuntu1
2012-10-16 23:01:41 status half-configured gcc-4.7-base:armhf 4.7.2-2ubuntu1
2012-10-16 23:01:41 status installed gcc-4.7-base:armhf 4.7.2-2ubuntu1
2012-10-16 23:01:41 configure libc-bin:armhf 2.15-0ubuntu20 <none>
2012-10-16 23:01:41 status unpacked libc-bin:armhf 2.15-0ubuntu20
2012-10-16 23:01:41 status unpacked libc-bin:armhf 2.15-0ubuntu20
2012-10-16 23:01:41 status unpacked libc-bin:armhf 2.15-0ubuntu20
2012-10-16 23:01:41 status unpacked libc-bin:armhf 2.15-0ubuntu20
2012-10-16 23:01:41 status unpacked libc-bin:armhf 2.15-0ubuntu20
2012-10-16 23:01:41 status half-configured libc-bin:armhf 2.15-0ubuntu20
2012-10-16 23:01:41 status installed libc-bin:armhf 2.15-0ubuntu20
2012-10-16 23:01:41 configure perl-base:armhf 5.14.2-13 <none>
2012-10-16 23:01:41 status unpacked perl-base:armhf 5.14.2-13
2012-10-16 23:01:41 status half-configured perl-base:armhf 5.14.2-13
2012-10-16 23:01:41 status installed perl-base:armhf 5.14.2-13
2012-10-16 23:01:41 configure debconf:all 1.5.46ubuntu1 <none>
2012-10-16 23:01:41 status unpacked debconf:all 1.5.46ubuntu1
2012-10-16 23:01:41 status unpacked debconf:all 1.5.46ubuntu1
2012-10-16 23:01:41 status unpacked debconf:all 1.5.46ubuntu1
2012-10-16 23:01:41 status unpacked debconf:all 1.5.46ubuntu1
2012-10-16 23:01:41 status half-configured debconf:all 1.5.46ubuntu1
2012-10-16 23:01:41 status installed debconf:all 1.5.46ubuntu1
2012-10-16 23:01:41 configure tzdata:all 2012e-0ubuntu2 <none>
2012-10-16 23:01:41 status unpacked tzdata:all 2012e-0ubuntu2
2012-10-16 23:01:41 status half-configured tzdata:all 2012e-0ubuntu2
2012-10-16 23:01:42 status installed tzdata:all 2012e-0ubuntu2
2012-10-16 23:01:42 configure libc6:armhf 2.15-0ubuntu20 <none>
2012-10-16 23:01:42 status unpacked libc6:armhf 2.15-0ubuntu20
2012-10-16 23:01:42 status unpacked libc6:armhf 2.15-0ubuntu20
2012-10-16 23:01:42 status half-configured libc6:armhf 2.15-0ubuntu20
2012-10-16 23:01:43 status installed libc6:armhf 2.15-0ubuntu20
2012-10-16 23:01:43 status triggers-pending libc-bin:armhf 2.15-0ubuntu20
2012-10-16 23:01:43 configure debianutils:armhf 4.3.4 <none>
2012-10-16 23:01:43 status unpacked debianutils:armhf 4.3.4
2012-10-16 23:01:43 status half-configured debianutils:armhf 4.3.4
2012-10-16 23:01:43 status installed debianutils:armhf 4.3.4
2012-10-16 23:01:43 configure locales:all 2.13+git20120306-3 <none>
2012-10-16 23:01:43 status unpacked locales:all 2.13+git20120306-3
2012-10-16 23:01:43 status unpacked locales:all 2.13+git20120306-3
2012-10-16 23:01:43 status half-configured locales:all 2.13+git20120306-3
2012-10-16 23:01:43 status installed locales:all 2.13+git20120306-3
2012-10-16 23:01:43 configure base-passwd:armhf 3.5.26 <none>
2012-10-16 23:01:43 status unpacked base-passwd:armhf 3.5.26
2012-10-16 23:01:43 status half-configured base-passwd:armhf 3.5.26
2012-10-16 23:01:43 status installed base-passwd:armhf 3.5.26
2012-10-16 23:01:43 configure mawk:armhf 1.3.3-17 <none>
2012-10-16 23:01:43 status unpacked mawk:armhf 1.3.3-17
2012-10-16 23:01:43 status half-configured mawk:armhf 1.3.3-17
2012-10-16 23:01:43 status installed mawk:armhf 1.3.3-17
2012-10-16 23:01:43 configure insserv:armhf 1.14.0-4ubuntu1 <none>
2012-10-16 23:01:43 status unpacked insserv:armhf 1.14.0-4ubuntu1
2012-10-16 23:01:43 status unpacked insserv:armhf 1.14.0-4ubuntu1
2012-10-16 23:01:43 status unpacked insserv:armhf 1.14.0-4ubuntu1
2012-10-16 23:01:43 status half-configured insserv:armhf 1.14.0-4ubuntu1
2012-10-16 23:01:43 status installed insserv:armhf 1.14.0-4ubuntu1
2012-10-16 23:01:43 configure busybox-initramfs:armhf 1:1.19.3-7ubuntu1 <none>
2012-10-16 23:01:43 status unpacked busybox-initramfs:armhf 1:1.19.3-7ubuntu1
2012-10-16 23:01:43 status half-configured busybox-initramfs:armhf 1:1.19.3-7ubuntu1
2012-10-16 23:01:43 status installed busybox-initramfs:armhf 1:1.19.3-7ubuntu1
2012-10-16 23:01:43 configure multiarch-support:armhf 2.15-0ubuntu20 <none>
2012-10-16 23:01:43 status unpacked multiarch-support:armhf 2.15-0ubuntu20
2012-10-16 23:01:43 status half-configured multiarch-support:armhf 2.15-0ubuntu20
2012-10-16 23:01:43 status installed multiarch-support:armhf 2.15-0ubuntu20
2012-10-16 23:01:43 configure libselinux1:armhf 2.1.9-5ubuntu1 <none>
2012-10-16 23:01:43 status unpacked libselinux1:armhf 2.1.9-5ubuntu1
2012-10-16 23:01:43 status half-configured libselinux1:armhf 2.1.9-5ubuntu1
2012-10-16 23:01:43 status installed libselinux1:armhf 2.1.9-5ubuntu1
2012-10-16 23:01:43 configure makedev:all 2.3.1-91ubuntu2 <none>
2012-10-16 23:01:43 status unpacked makedev:all 2.3.1-91ubuntu2
2012-10-16 23:01:43 status half-configured makedev:all 2.3.1-91ubuntu2
2012-10-16 23:01:57 status installed makedev:all 2.3.1-91ubuntu2
2012-10-16 23:01:58 configure libdbus-1-3:armhf 1.6.4-1ubuntu4 <none>
2012-10-16 23:01:58 status unpacked libdbus-1-3:armhf 1.6.4-1ubuntu4
2012-10-16 23:01:58 status half-configured libdbus-1-3:armhf 1.6.4-1ubuntu4
2012-10-16 23:01:58 status installed libdbus-1-3:armhf 1.6.4-1ubuntu4
2012-10-16 23:01:58 configure libpam0g:armhf 1.1.3-7ubuntu3 <none>
2012-10-16 23:01:58 status unpacked libpam0g:armhf 1.1.3-7ubuntu3
2012-10-16 23:01:58 status half-configured libpam0g:armhf 1.1.3-7ubuntu3
2012-10-16 23:01:58 status installed libpam0g:armhf 1.1.3-7ubuntu3
2012-10-16 23:01:58 configure libprocps0:armhf 1:3.3.3-2ubuntu3 <none>
2012-10-16 23:01:58 status unpacked libprocps0:armhf 1:3.3.3-2ubuntu3
2012-10-16 23:01:58 status half-configured libprocps0:armhf 1:3.3.3-2ubuntu3
2012-10-16 23:01:58 status installed libprocps0:armhf 1:3.3.3-2ubuntu3
2012-10-16 23:01:58 configure libdrm2:armhf 2.4.39-0ubuntu1 <none>
2012-10-16 23:01:58 status unpacked libdrm2:armhf 2.4.39-0ubuntu1
2012-10-16 23:01:58 status half-configured libdrm2:armhf 2.4.39-0ubuntu1
2012-10-16 23:01:58 status installed libdrm2:armhf 2.4.39-0ubuntu1
2012-10-16 23:01:58 configure libdrm-nouveau1a:armhf 2.4.39-0ubuntu1 <none>
2012-10-16 23:01:58 status unpacked libdrm-nouveau1a:armhf 2.4.39-0ubuntu1
2012-10-16 23:01:58 status half-configured libdrm-nouveau1a:armhf 2.4.39-0ubuntu1
2012-10-16 23:01:58 status installed libdrm-nouveau1a:armhf 2.4.39-0ubuntu1
2012-10-16 23:01:58 configure libdrm-radeon1:armhf 2.4.39-0ubuntu1 <none>
2012-10-16 23:01:58 status unpacked libdrm-radeon1:armhf 2.4.39-0ubuntu1
2012-10-16 23:01:58 status half-configured libdrm-radeon1:armhf 2.4.39-0ubuntu1
2012-10-16 23:01:58 status installed libdrm-radeon1:armhf 2.4.39-0ubuntu1
2012-10-16 23:01:58 configure libgcc1:armhf 1:4.7.2-2ubuntu1 <none>
2012-10-16 23:01:58 status unpacked libgcc1:armhf 1:4.7.2-2ubuntu1
2012-10-16 23:01:58 status half-configured libgcc1:armhf 1:4.7.2-2ubuntu1
2012-10-16 23:01:58 status installed libgcc1:armhf 1:4.7.2-2ubuntu1
2012-10-16 23:01:58 configure base-files:armhf 6.5ubuntu11 <none>
2012-10-16 23:01:58 status unpacked base-files:armhf 6.5ubuntu11
2012-10-16 23:01:58 status unpacked base-files:armhf 6.5ubuntu11
2012-10-16 23:01:58 status unpacked base-files:armhf 6.5ubuntu11
2012-10-16 23:01:58 status unpacked base-files:armhf 6.5ubuntu11
2012-10-16 23:01:58 status unpacked base-files:armhf 6.5ubuntu11
2012-10-16 23:01:58 status unpacked base-files:armhf 6.5ubuntu11
2012-10-16 23:01:58 status unpacked base-files:armhf 6.5ubuntu11
2012-10-16 23:01:58 status unpacked base-files:armhf 6.5ubuntu11
2012-10-16 23:01:58 status unpacked base-files:armhf 6.5ubuntu11
2012-10-16 23:01:58 status unpacked base-files:armhf 6.5ubuntu11
2012-10-16 23:01:58 status unpacked base-files:armhf 6.5ubuntu11
2012-10-16 23:01:58 status half-configured base-files:armhf 6.5ubuntu11
2012-10-16 23:01:59 status installed base-files:armhf 6.5ubuntu11
2012-10-16 23:01:59 configure libexpat1:armhf 2.1.0-1ubuntu1 <none>
2012-10-16 23:01:59 status unpacked libexpat1:armhf 2.1.0-1ubuntu1
2012-10-16 23:01:59 status half-configured libexpat1:armhf 2.1.0-1ubuntu1
2012-10-16 23:01:59 status installed libexpat1:armhf 2.1.0-1ubuntu1
2012-10-16 23:01:59 configure libattr1:armhf 1:2.4.46-8ubuntu1 <none>
2012-10-16 23:01:59 status unpacked libattr1:armhf 1:2.4.46-8ubuntu1
2012-10-16 23:01:59 status half-configured libattr1:armhf 1:2.4.46-8ubuntu1
2012-10-16 23:01:59 status installed libattr1:armhf 1:2.4.46-8ubuntu1
2012-10-16 23:01:59 configure e2fslibs:armhf 1.42.5-1ubuntu2 <none>
2012-10-16 23:01:59 status unpacked e2fslibs:armhf 1.42.5-1ubuntu2
2012-10-16 23:01:59 status half-configured e2fslibs:armhf 1.42.5-1ubuntu2
2012-10-16 23:01:59 status installed e2fslibs:armhf 1.42.5-1ubuntu2
2012-10-16 23:01:59 configure libcomerr2:armhf 1.42.5-1ubuntu2 <none>
2012-10-16 23:01:59 status unpacked libcomerr2:armhf 1.42.5-1ubuntu2
2012-10-16 23:01:59 status half-configured libcomerr2:armhf 1.42.5-1ubuntu2
2012-10-16 23:01:59 status installed libcomerr2:armhf 1.42.5-1ubuntu2
2012-10-16 23:01:59 configure libacl1:armhf 2.2.51-8ubuntu2 <none>
2012-10-16 23:01:59 status unpacked libacl1:armhf 2.2.51-8ubuntu2
2012-10-16 23:01:59 status half-configured libacl1:armhf 2.2.51-8ubuntu2
2012-10-16 23:01:59 status installed libacl1:armhf 2.2.51-8ubuntu2
2012-10-16 23:01:59 configure libslang2:armhf 2.2.4-15ubuntu1 <none>
2012-10-16 23:01:59 status unpacked libslang2:armhf 2.2.4-15ubuntu1
2012-10-16 23:01:59 status half-configured libslang2:armhf 2.2.4-15ubuntu1
2012-10-16 23:01:59 status installed libslang2:armhf 2.2.4-15ubuntu1
2012-10-16 23:01:59 configure libss2:armhf 1.42.5-1ubuntu2 <none>
2012-10-16 23:01:59 status unpacked libss2:armhf 1.42.5-1ubuntu2
2012-10-16 23:01:59 status half-configured libss2:armhf 1.42.5-1ubuntu2
2012-10-16 23:01:59 status installed libss2:armhf 1.42.5-1ubuntu2
2012-10-16 23:01:59 configure libpam-modules-bin:armhf 1.1.3-7ubuntu3 <none>
2012-10-16 23:01:59 status unpacked libpam-modules-bin:armhf 1.1.3-7ubuntu3
2012-10-16 23:01:59 status half-configured libpam-modules-bin:armhf 1.1.3-7ubuntu3
2012-10-16 23:01:59 status installed libpam-modules-bin:armhf 1.1.3-7ubuntu3
2012-10-16 23:01:59 configure liblzma5:armhf 5.1.1alpha+20120614-1 <none>
2012-10-16 23:01:59 status unpacked liblzma5:armhf 5.1.1alpha+20120614-1
2012-10-16 23:01:59 status half-configured liblzma5:armhf 5.1.1alpha+20120614-1
2012-10-16 23:01:59 status installed liblzma5:armhf 5.1.1alpha+20120614-1
2012-10-16 23:01:59 configure libnih1:armhf 1.0.3-4ubuntu11 <none>
2012-10-16 23:01:59 status unpacked libnih1:armhf 1.0.3-4ubuntu11
2012-10-16 23:01:59 status half-configured libnih1:armhf 1.0.3-4ubuntu11
2012-10-16 23:01:59 status installed libnih1:armhf 1.0.3-4ubuntu11
2012-10-16 23:01:59 configure libdb5.1:armhf 5.1.29-5ubuntu2 <none>
2012-10-16 23:01:59 status unpacked libdb5.1:armhf 5.1.29-5ubuntu2
2012-10-16 23:01:59 status half-configured libdb5.1:armhf 5.1.29-5ubuntu2
2012-10-16 23:01:59 status installed libdb5.1:armhf 5.1.29-5ubuntu2
2012-10-16 23:01:59 configure libpcre3:armhf 1:8.30-5ubuntu1 <none>
2012-10-16 23:01:59 status unpacked libpcre3:armhf 1:8.30-5ubuntu1
2012-10-16 23:01:59 status half-configured libpcre3:armhf 1:8.30-5ubuntu1
2012-10-16 23:01:59 status installed libpcre3:armhf 1:8.30-5ubuntu1
2012-10-16 23:01:59 configure libkms1:armhf 2.4.39-0ubuntu1 <none>
2012-10-16 23:01:59 status unpacked libkms1:armhf 2.4.39-0ubuntu1
2012-10-16 23:01:59 status half-configured libkms1:armhf 2.4.39-0ubuntu1
2012-10-16 23:01:59 status installed libkms1:armhf 2.4.39-0ubuntu1
2012-10-16 23:01:59 configure libbz2-1.0:armhf 1.0.6-4 <none>
2012-10-16 23:01:59 status unpacked libbz2-1.0:armhf 1.0.6-4
2012-10-16 23:01:59 status half-configured libbz2-1.0:armhf 1.0.6-4
2012-10-16 23:01:59 status installed libbz2-1.0:armhf 1.0.6-4
2012-10-16 23:01:59 configure libtinfo5:armhf 5.9-10ubuntu1 <none>
2012-10-16 23:01:59 status unpacked libtinfo5:armhf 5.9-10ubuntu1
2012-10-16 23:01:59 status half-configured libtinfo5:armhf 5.9-10ubuntu1
2012-10-16 23:01:59 status installed libtinfo5:armhf 5.9-10ubuntu1
2012-10-16 23:01:59 configure sysvinit-utils:armhf 2.88dsf-13.10ubuntu13 <none>
2012-10-16 23:01:59 status unpacked sysvinit-utils:armhf 2.88dsf-13.10ubuntu13
2012-10-16 23:01:59 status half-configured sysvinit-utils:armhf 2.88dsf-13.10ubuntu13
2012-10-16 23:01:59 status installed sysvinit-utils:armhf 2.88dsf-13.10ubuntu13
2012-10-16 23:01:59 configure libnih-dbus1:armhf 1.0.3-4ubuntu11 <none>
2012-10-16 23:01:59 status unpacked libnih-dbus1:armhf 1.0.3-4ubuntu11
2012-10-16 23:01:59 status half-configured libnih-dbus1:armhf 1.0.3-4ubuntu11
2012-10-16 23:01:59 status installed libnih-dbus1:armhf 1.0.3-4ubuntu11
2012-10-16 23:01:59 configure libffi6:armhf 3.0.11-2 <none>
2012-10-16 23:01:59 status unpacked libffi6:armhf 3.0.11-2
2012-10-16 23:01:59 status half-configured libffi6:armhf 3.0.11-2
2012-10-16 23:01:59 status installed libffi6:armhf 3.0.11-2
2012-10-16 23:01:59 configure bsdutils:armhf 1:2.20.1-5.1ubuntu2 <none>
2012-10-16 23:01:59 status unpacked bsdutils:armhf 1:2.20.1-5.1ubuntu2
2012-10-16 23:01:59 status half-configured bsdutils:armhf 1:2.20.1-5.1ubuntu2
2012-10-16 23:02:00 status installed bsdutils:armhf 1:2.20.1-5.1ubuntu2
2012-10-16 23:02:00 configure ncurses-bin:armhf 5.9-10ubuntu1 <none>
2012-10-16 23:02:00 status unpacked ncurses-bin:armhf 5.9-10ubuntu1
2012-10-16 23:02:00 status half-configured ncurses-bin:armhf 5.9-10ubuntu1
2012-10-16 23:02:00 status installed ncurses-bin:armhf 5.9-10ubuntu1
2012-10-16 23:02:00 configure sysv-rc:all 2.88dsf-13.10ubuntu13 <none>
2012-10-16 23:02:00 status unpacked sysv-rc:all 2.88dsf-13.10ubuntu13
2012-10-16 23:02:00 status half-configured sysv-rc:all 2.88dsf-13.10ubuntu13
2012-10-16 23:02:00 status installed sysv-rc:all 2.88dsf-13.10ubuntu13
2012-10-16 23:02:00 configure libpam-modules:armhf 1.1.3-7ubuntu3 <none>
2012-10-16 23:02:00 status unpacked libpam-modules:armhf 1.1.3-7ubuntu3
2012-10-16 23:02:00 status unpacked libpam-modules:armhf 1.1.3-7ubuntu3
2012-10-16 23:02:00 status unpacked libpam-modules:armhf 1.1.3-7ubuntu3
2012-10-16 23:02:00 status unpacked libpam-modules:armhf 1.1.3-7ubuntu3
2012-10-16 23:02:00 status unpacked libpam-modules:armhf 1.1.3-7ubuntu3
2012-10-16 23:02:00 status unpacked libpam-modules:armhf 1.1.3-7ubuntu3
2012-10-16 23:02:00 status unpacked libpam-modules:armhf 1.1.3-7ubuntu3
2012-10-16 23:02:00 status unpacked libpam-modules:armhf 1.1.3-7ubuntu3
2012-10-16 23:02:00 status unpacked libpam-modules:armhf 1.1.3-7ubuntu3
2012-10-16 23:02:00 status half-configured libpam-modules:armhf 1.1.3-7ubuntu3
2012-10-16 23:02:00 status installed libpam-modules:armhf 1.1.3-7ubuntu3
2012-10-16 23:02:00 configure libudev0:armhf 175-0ubuntu13 <none>
2012-10-16 23:02:00 status unpacked libudev0:armhf 175-0ubuntu13
2012-10-16 23:02:00 status half-configured libudev0:armhf 175-0ubuntu13
2012-10-16 23:02:00 status installed libudev0:armhf 175-0ubuntu13
2012-10-16 23:02:00 configure tar:armhf 1.26-4ubuntu1 <none>
2012-10-16 23:02:00 status unpacked tar:armhf 1.26-4ubuntu1
2012-10-16 23:02:00 status unpacked tar:armhf 1.26-4ubuntu1
2012-10-16 23:02:00 status half-configured tar:armhf 1.26-4ubuntu1
2012-10-16 23:02:00 status installed tar:armhf 1.26-4ubuntu1
2012-10-16 23:02:00 configure zlib1g:armhf 1:1.2.7.dfsg-13 <none>
2012-10-16 23:02:00 status unpacked zlib1g:armhf 1:1.2.7.dfsg-13
2012-10-16 23:02:00 status half-configured zlib1g:armhf 1:1.2.7.dfsg-13
2012-10-16 23:02:00 status installed zlib1g:armhf 1:1.2.7.dfsg-13
2012-10-16 23:02:00 configure libncurses5:armhf 5.9-10ubuntu1 <none>
2012-10-16 23:02:00 status unpacked libncurses5:armhf 5.9-10ubuntu1
2012-10-16 23:02:00 status half-configured libncurses5:armhf 5.9-10ubuntu1
2012-10-16 23:02:00 status installed libncurses5:armhf 5.9-10ubuntu1
2012-10-16 23:02:00 configure iproute:armhf 20120521-3ubuntu1 <none>
2012-10-16 23:02:00 status unpacked iproute:armhf 20120521-3ubuntu1
2012-10-16 23:02:00 status unpacked iproute:armhf 20120521-3ubuntu1
2012-10-16 23:02:00 status unpacked iproute:armhf 20120521-3ubuntu1
2012-10-16 23:02:00 status unpacked iproute:armhf 20120521-3ubuntu1
2012-10-16 23:02:00 status unpacked iproute:armhf 20120521-3ubuntu1
2012-10-16 23:02:00 status unpacked iproute:armhf 20120521-3ubuntu1
2012-10-16 23:02:00 status unpacked iproute:armhf 20120521-3ubuntu1
2012-10-16 23:02:00 status unpacked iproute:armhf 20120521-3ubuntu1
2012-10-16 23:02:00 status half-configured iproute:armhf 20120521-3ubuntu1
2012-10-16 23:02:00 status installed iproute:armhf 20120521-3ubuntu1
2012-10-16 23:02:00 configure initramfs-tools-bin:armhf 0.103ubuntu0.2 <none>
2012-10-16 23:02:00 status unpacked initramfs-tools-bin:armhf 0.103ubuntu0.2
2012-10-16 23:02:00 status half-configured initramfs-tools-bin:armhf 0.103ubuntu0.2
2012-10-16 23:02:00 status installed initramfs-tools-bin:armhf 0.103ubuntu0.2
2012-10-16 23:02:00 configure python3.2-minimal:armhf 3.2.3-6ubuntu3 <none>
2012-10-16 23:02:00 status unpacked python3.2-minimal:armhf 3.2.3-6ubuntu3
2012-10-16 23:02:00 status unpacked python3.2-minimal:armhf 3.2.3-6ubuntu3
2012-10-16 23:02:00 status half-configured python3.2-minimal:armhf 3.2.3-6ubuntu3
2012-10-16 23:02:03 status installed python3.2-minimal:armhf 3.2.3-6ubuntu3
2012-10-16 23:02:03 configure libpam-runtime:all 1.1.3-7ubuntu3 <none>
2012-10-16 23:02:03 status unpacked libpam-runtime:all 1.1.3-7ubuntu3
2012-10-16 23:02:03 status unpacked libpam-runtime:all 1.1.3-7ubuntu3
2012-10-16 23:02:03 status unpacked libpam-runtime:all 1.1.3-7ubuntu3
2012-10-16 23:02:03 status half-configured libpam-runtime:all 1.1.3-7ubuntu3
2012-10-16 23:02:04 status installed libpam-runtime:all 1.1.3-7ubuntu3
2012-10-16 23:02:04 configure dpkg:armhf 1.16.7ubuntu6 <none>
2012-10-16 23:02:04 status unpacked dpkg:armhf 1.16.7ubuntu6
2012-10-16 23:02:04 status unpacked dpkg:armhf 1.16.7ubuntu6
2012-10-16 23:02:04 status unpacked dpkg:armhf 1.16.7ubuntu6
2012-10-16 23:02:04 status unpacked dpkg:armhf 1.16.7ubuntu6
2012-10-16 23:02:04 status unpacked dpkg:armhf 1.16.7ubuntu6
2012-10-16 23:02:04 status half-configured dpkg:armhf 1.16.7ubuntu6
2012-10-16 23:02:04 status installed dpkg:armhf 1.16.7ubuntu6
2012-10-16 23:02:04 configure libncursesw5:armhf 5.9-10ubuntu1 <none>
2012-10-16 23:02:04 status unpacked libncursesw5:armhf 5.9-10ubuntu1
2012-10-16 23:02:04 status half-configured libncursesw5:armhf 5.9-10ubuntu1
2012-10-16 23:02:04 status installed libncursesw5:armhf 5.9-10ubuntu1
2012-10-16 23:02:04 configure libpng12-0:armhf 1.2.49-1ubuntu1 <none>
2012-10-16 23:02:04 status unpacked libpng12-0:armhf 1.2.49-1ubuntu1
2012-10-16 23:02:04 status half-configured libpng12-0:armhf 1.2.49-1ubuntu1
2012-10-16 23:02:04 status installed libpng12-0:armhf 1.2.49-1ubuntu1
2012-10-16 23:02:04 configure cpio:armhf 2.11-8ubuntu3 <none>
2012-10-16 23:02:04 status unpacked cpio:armhf 2.11-8ubuntu3
2012-10-16 23:02:04 status half-configured cpio:armhf 2.11-8ubuntu3
2012-10-16 23:02:04 status installed cpio:armhf 2.11-8ubuntu3
2012-10-16 23:02:04 configure libglib2.0-0:armhf 2.34.0-1ubuntu1 <none>
2012-10-16 23:02:04 status unpacked libglib2.0-0:armhf 2.34.0-1ubuntu1
2012-10-16 23:02:04 status half-configured libglib2.0-0:armhf 2.34.0-1ubuntu1
2012-10-16 23:02:04 status installed libglib2.0-0:armhf 2.34.0-1ubuntu1
2012-10-16 23:02:04 configure dash:armhf 0.5.7-3ubuntu1 <none>
2012-10-16 23:02:04 status unpacked dash:armhf 0.5.7-3ubuntu1
2012-10-16 23:02:04 status half-configured dash:armhf 0.5.7-3ubuntu1
2012-10-16 23:02:05 status installed dash:armhf 0.5.7-3ubuntu1
2012-10-16 23:02:05 configure coreutils:armhf 8.13-3.2ubuntu2 <none>
2012-10-16 23:02:05 status unpacked coreutils:armhf 8.13-3.2ubuntu2
2012-10-16 23:02:05 status half-configured coreutils:armhf 8.13-3.2ubuntu2
2012-10-16 23:02:05 status installed coreutils:armhf 8.13-3.2ubuntu2
2012-10-16 23:02:05 configure login:armhf 1:4.1.4.2+svn3283-3ubuntu7 <none>
2012-10-16 23:02:05 status unpacked login:armhf 1:4.1.4.2+svn3283-3ubuntu7
2012-10-16 23:02:05 status unpacked login:armhf 1:4.1.4.2+svn3283-3ubuntu7
2012-10-16 23:02:05 status unpacked login:armhf 1:4.1.4.2+svn3283-3ubuntu7
2012-10-16 23:02:05 status unpacked login:armhf 1:4.1.4.2+svn3283-3ubuntu7
2012-10-16 23:02:05 status unpacked login:armhf 1:4.1.4.2+svn3283-3ubuntu7
2012-10-16 23:02:05 status half-configured login:armhf 1:4.1.4.2+svn3283-3ubuntu7
2012-10-16 23:02:05 status installed login:armhf 1:4.1.4.2+svn3283-3ubuntu7
2012-10-16 23:02:05 configure diffutils:armhf 1:3.2-6ubuntu1 <none>
2012-10-16 23:02:05 status unpacked diffutils:armhf 1:3.2-6ubuntu1
2012-10-16 23:02:05 status half-configured diffutils:armhf 1:3.2-6ubuntu1
2012-10-16 23:02:05 status installed diffutils:armhf 1:3.2-6ubuntu1
2012-10-16 23:02:05 configure libplymouth2:armhf 0.8.4-0ubuntu3 <none>
2012-10-16 23:02:05 status unpacked libplymouth2:armhf 0.8.4-0ubuntu3
2012-10-16 23:02:05 status half-configured libplymouth2:armhf 0.8.4-0ubuntu3
2012-10-16 23:02:05 status installed libplymouth2:armhf 0.8.4-0ubuntu3
2012-10-16 23:02:05 configure sed:armhf 4.2.1-10ubuntu1 <none>
2012-10-16 23:02:05 status unpacked sed:armhf 4.2.1-10ubuntu1
2012-10-16 23:02:05 status half-configured sed:armhf 4.2.1-10ubuntu1
2012-10-16 23:02:05 status installed sed:armhf 4.2.1-10ubuntu1
2012-10-16 23:02:05 configure grep:armhf 2.12-2 <none>
2012-10-16 23:02:05 status unpacked grep:armhf 2.12-2
2012-10-16 23:02:05 status half-configured grep:armhf 2.12-2
2012-10-16 23:02:05 status installed grep:armhf 2.12-2
2012-10-16 23:02:05 configure python3-minimal:all 3.2.3-5ubuntu1 <none>
2012-10-16 23:02:05 status unpacked python3-minimal:all 3.2.3-5ubuntu1
2012-10-16 23:02:05 status half-configured python3-minimal:all 3.2.3-5ubuntu1
2012-10-16 23:02:05 status installed python3-minimal:all 3.2.3-5ubuntu1
2012-10-16 23:02:05 configure findutils:armhf 4.4.2-4ubuntu2 <none>
2012-10-16 23:02:05 status unpacked findutils:armhf 4.4.2-4ubuntu2
2012-10-16 23:02:05 status half-configured findutils:armhf 4.4.2-4ubuntu2
2012-10-16 23:02:05 status installed findutils:armhf 4.4.2-4ubuntu2
2012-10-16 23:02:05 configure gzip:armhf 1.5-1.1ubuntu1 <none>
2012-10-16 23:02:05 status unpacked gzip:armhf 1.5-1.1ubuntu1
2012-10-16 23:02:05 status half-configured gzip:armhf 1.5-1.1ubuntu1
2012-10-16 23:02:05 status installed gzip:armhf 1.5-1.1ubuntu1
2012-10-16 23:02:05 configure bash:armhf 4.2-5ubuntu1 <none>
2012-10-16 23:02:05 status unpacked bash:armhf 4.2-5ubuntu1
2012-10-16 23:02:05 status unpacked bash:armhf 4.2-5ubuntu1
2012-10-16 23:02:05 status unpacked bash:armhf 4.2-5ubuntu1
2012-10-16 23:02:05 status unpacked bash:armhf 4.2-5ubuntu1
2012-10-16 23:02:05 status unpacked bash:armhf 4.2-5ubuntu1
2012-10-16 23:02:05 status half-configured bash:armhf 4.2-5ubuntu1
2012-10-16 23:02:06 status installed bash:armhf 4.2-5ubuntu1
2012-10-16 23:02:06 configure lsb-base:all 4.0-0ubuntu26 <none>
2012-10-16 23:02:06 status unpacked lsb-base:all 4.0-0ubuntu26
2012-10-16 23:02:06 status unpacked lsb-base:all 4.0-0ubuntu26
2012-10-16 23:02:06 status half-configured lsb-base:all 4.0-0ubuntu26
2012-10-16 23:02:06 status installed lsb-base:all 4.0-0ubuntu26
2012-10-16 23:02:06 configure mountall:armhf 2.42 <none>
2012-10-16 23:02:06 status unpacked mountall:armhf 2.42
2012-10-16 23:02:06 status unpacked mountall:armhf 2.42
2012-10-16 23:02:06 status unpacked mountall:armhf 2.42
2012-10-16 23:02:06 status unpacked mountall:armhf 2.42
2012-10-16 23:02:06 status unpacked mountall:armhf 2.42
2012-10-16 23:02:06 status unpacked mountall:armhf 2.42
2012-10-16 23:02:06 status unpacked mountall:armhf 2.42
2012-10-16 23:02:06 status unpacked mountall:armhf 2.42
2012-10-16 23:02:06 status unpacked mountall:armhf 2.42
2012-10-16 23:02:06 status unpacked mountall:armhf 2.42
2012-10-16 23:02:06 status unpacked mountall:armhf 2.42
2012-10-16 23:02:06 status unpacked mountall:armhf 2.42
2012-10-16 23:02:06 status unpacked mountall:armhf 2.42
2012-10-16 23:02:06 status unpacked mountall:armhf 2.42
2012-10-16 23:02:06 status unpacked mountall:armhf 2.42
2012-10-16 23:02:06 status unpacked mountall:armhf 2.42
2012-10-16 23:02:06 status half-configured mountall:armhf 2.42
2012-10-16 23:02:06 status installed mountall:armhf 2.42
2012-10-16 23:02:06 configure upstart:armhf 1.5-0ubuntu9 <none>
2012-10-16 23:02:06 status unpacked upstart:armhf 1.5-0ubuntu9
2012-10-16 23:02:06 status unpacked upstart:armhf 1.5-0ubuntu9
2012-10-16 23:02:06 status unpacked upstart:armhf 1.5-0ubuntu9
2012-10-16 23:02:06 status unpacked upstart:armhf 1.5-0ubuntu9
2012-10-16 23:02:06 status unpacked upstart:armhf 1.5-0ubuntu9
2012-10-16 23:02:06 status unpacked upstart:armhf 1.5-0ubuntu9
2012-10-16 23:02:06 status unpacked upstart:armhf 1.5-0ubuntu9
2012-10-16 23:02:06 status unpacked upstart:armhf 1.5-0ubuntu9
2012-10-16 23:02:06 status unpacked upstart:armhf 1.5-0ubuntu9
2012-10-16 23:02:06 status unpacked upstart:armhf 1.5-0ubuntu9
2012-10-16 23:02:06 status unpacked upstart:armhf 1.5-0ubuntu9
2012-10-16 23:02:06 status unpacked upstart:armhf 1.5-0ubuntu9
2012-10-16 23:02:06 status unpacked upstart:armhf 1.5-0ubuntu9
2012-10-16 23:02:06 status unpacked upstart:armhf 1.5-0ubuntu9
2012-10-16 23:02:06 status unpacked upstart:armhf 1.5-0ubuntu9
2012-10-16 23:02:06 status unpacked upstart:armhf 1.5-0ubuntu9
2012-10-16 23:02:06 status unpacked upstart:armhf 1.5-0ubuntu9
2012-10-16 23:02:06 status unpacked upstart:armhf 1.5-0ubuntu9
2012-10-16 23:02:06 status unpacked upstart:armhf 1.5-0ubuntu9
2012-10-16 23:02:06 status unpacked upstart:armhf 1.5-0ubuntu9
2012-10-16 23:02:06 status unpacked upstart:armhf 1.5-0ubuntu9
2012-10-16 23:02:06 status unpacked upstart:armhf 1.5-0ubuntu9
2012-10-16 23:02:06 status half-configured upstart:armhf 1.5-0ubuntu9
2012-10-16 23:02:06 status installed upstart:armhf 1.5-0ubuntu9
2012-10-16 23:02:06 configure passwd:armhf 1:4.1.4.2+svn3283-3ubuntu7 <none>
2012-10-16 23:02:06 status unpacked passwd:armhf 1:4.1.4.2+svn3283-3ubuntu7
2012-10-16 23:02:06 status unpacked passwd:armhf 1:4.1.4.2+svn3283-3ubuntu7
2012-10-16 23:02:06 status unpacked passwd:armhf 1:4.1.4.2+svn3283-3ubuntu7
2012-10-16 23:02:06 status unpacked passwd:armhf 1:4.1.4.2+svn3283-3ubuntu7
2012-10-16 23:02:06 status unpacked passwd:armhf 1:4.1.4.2+svn3283-3ubuntu7
2012-10-16 23:02:06 status unpacked passwd:armhf 1:4.1.4.2+svn3283-3ubuntu7
2012-10-16 23:02:06 status unpacked passwd:armhf 1:4.1.4.2+svn3283-3ubuntu7
2012-10-16 23:02:06 status unpacked passwd:armhf 1:4.1.4.2+svn3283-3ubuntu7
2012-10-16 23:02:06 status unpacked passwd:armhf 1:4.1.4.2+svn3283-3ubuntu7
2012-10-16 23:02:06 status half-configured passwd:armhf 1:4.1.4.2+svn3283-3ubuntu7
2012-10-16 23:02:06 status installed passwd:armhf 1:4.1.4.2+svn3283-3ubuntu7
2012-10-16 23:02:06 configure hostname:armhf 3.11ubuntu1 <none>
2012-10-16 23:02:06 status unpacked hostname:armhf 3.11ubuntu1
2012-10-16 23:02:06 status unpacked hostname:armhf 3.11ubuntu1
2012-10-16 23:02:06 status half-configured hostname:armhf 3.11ubuntu1
2012-10-16 23:02:06 status installed hostname:armhf 3.11ubuntu1
2012-10-16 23:02:06 configure initscripts:armhf 2.88dsf-13.10ubuntu13 <none>
2012-10-16 23:02:06 status unpacked initscripts:armhf 2.88dsf-13.10ubuntu13
2012-10-16 23:02:06 status unpacked initscripts:armhf 2.88dsf-13.10ubuntu13
2012-10-16 23:02:06 status unpacked initscripts:armhf 2.88dsf-13.10ubuntu13
2012-10-16 23:02:06 status unpacked initscripts:armhf 2.88dsf-13.10ubuntu13
2012-10-16 23:02:06 status unpacked initscripts:armhf 2.88dsf-13.10ubuntu13
2012-10-16 23:02:06 status unpacked initscripts:armhf 2.88dsf-13.10ubuntu13
2012-10-16 23:02:06 status unpacked initscripts:armhf 2.88dsf-13.10ubuntu13
2012-10-16 23:02:06 status unpacked initscripts:armhf 2.88dsf-13.10ubuntu13
2012-10-16 23:02:06 status unpacked initscripts:armhf 2.88dsf-13.10ubuntu13
2012-10-16 23:02:06 status unpacked initscripts:armhf 2.88dsf-13.10ubuntu13
2012-10-16 23:02:06 status unpacked initscripts:armhf 2.88dsf-13.10ubuntu13
2012-10-16 23:02:06 status unpacked initscripts:armhf 2.88dsf-13.10ubuntu13
2012-10-16 23:02:06 status unpacked initscripts:armhf 2.88dsf-13.10ubuntu13
2012-10-16 23:02:06 status unpacked initscripts:armhf 2.88dsf-13.10ubuntu13
2012-10-16 23:02:06 status unpacked initscripts:armhf 2.88dsf-13.10ubuntu13
2012-10-16 23:02:06 status unpacked initscripts:armhf 2.88dsf-13.10ubuntu13
2012-10-16 23:02:06 status unpacked initscripts:armhf 2.88dsf-13.10ubuntu13
2012-10-16 23:02:06 status unpacked initscripts:armhf 2.88dsf-13.10ubuntu13
2012-10-16 23:02:06 status half-configured initscripts:armhf 2.88dsf-13.10ubuntu13
2012-10-16 23:02:08 status installed initscripts:armhf 2.88dsf-13.10ubuntu13
2012-10-16 23:02:08 configure module-init-tools:armhf 3.16-1ubuntu6 <none>
2012-10-16 23:02:08 status unpacked module-init-tools:armhf 3.16-1ubuntu6
2012-10-16 23:02:08 status unpacked module-init-tools:armhf 3.16-1ubuntu6
2012-10-16 23:02:08 status unpacked module-init-tools:armhf 3.16-1ubuntu6
2012-10-16 23:02:08 status unpacked module-init-tools:armhf 3.16-1ubuntu6
2012-10-16 23:02:08 status unpacked module-init-tools:armhf 3.16-1ubuntu6
2012-10-16 23:02:08 status unpacked module-init-tools:armhf 3.16-1ubuntu6
2012-10-16 23:02:08 status unpacked module-init-tools:armhf 3.16-1ubuntu6
2012-10-16 23:02:08 status unpacked module-init-tools:armhf 3.16-1ubuntu6
2012-10-16 23:02:08 status unpacked module-init-tools:armhf 3.16-1ubuntu6
2012-10-16 23:02:08 status unpacked module-init-tools:armhf 3.16-1ubuntu6
2012-10-16 23:02:08 status half-configured module-init-tools:armhf 3.16-1ubuntu6
2012-10-16 23:02:08 status installed module-init-tools:armhf 3.16-1ubuntu6
2012-10-16 23:02:08 configure libuuid1:armhf 2.20.1-5.1ubuntu2 <none>
2012-10-16 23:02:08 status unpacked libuuid1:armhf 2.20.1-5.1ubuntu2
2012-10-16 23:02:08 status half-configured libuuid1:armhf 2.20.1-5.1ubuntu2
2012-10-16 23:02:08 status installed libuuid1:armhf 2.20.1-5.1ubuntu2
2012-10-16 23:02:08 configure procps:armhf 1:3.3.3-2ubuntu3 <none>
2012-10-16 23:02:08 status unpacked procps:armhf 1:3.3.3-2ubuntu3
2012-10-16 23:02:08 status unpacked procps:armhf 1:3.3.3-2ubuntu3
2012-10-16 23:02:08 status unpacked procps:armhf 1:3.3.3-2ubuntu3
2012-10-16 23:02:08 status unpacked procps:armhf 1:3.3.3-2ubuntu3
2012-10-16 23:02:08 status unpacked procps:armhf 1:3.3.3-2ubuntu3
2012-10-16 23:02:08 status unpacked procps:armhf 1:3.3.3-2ubuntu3
2012-10-16 23:02:08 status unpacked procps:armhf 1:3.3.3-2ubuntu3
2012-10-16 23:02:08 status unpacked procps:armhf 1:3.3.3-2ubuntu3
2012-10-16 23:02:08 status unpacked procps:armhf 1:3.3.3-2ubuntu3
2012-10-16 23:02:08 status unpacked procps:armhf 1:3.3.3-2ubuntu3
2012-10-16 23:02:08 status unpacked procps:armhf 1:3.3.3-2ubuntu3
2012-10-16 23:02:08 status half-configured procps:armhf 1:3.3.3-2ubuntu3
2012-10-16 23:02:08 status installed procps:armhf 1:3.3.3-2ubuntu3
2012-10-16 23:02:08 configure ifupdown:armhf 0.7.2ubuntu2 <none>
2012-10-16 23:02:08 status unpacked ifupdown:armhf 0.7.2ubuntu2
2012-10-16 23:02:08 status unpacked ifupdown:armhf 0.7.2ubuntu2
2012-10-16 23:02:08 status unpacked ifupdown:armhf 0.7.2ubuntu2
2012-10-16 23:02:08 status unpacked ifupdown:armhf 0.7.2ubuntu2
2012-10-16 23:02:08 status unpacked ifupdown:armhf 0.7.2ubuntu2
2012-10-16 23:02:08 status unpacked ifupdown:armhf 0.7.2ubuntu2
2012-10-16 23:02:08 status unpacked ifupdown:armhf 0.7.2ubuntu2
2012-10-16 23:02:08 status half-configured ifupdown:armhf 0.7.2ubuntu2
2012-10-16 23:02:08 status installed ifupdown:armhf 0.7.2ubuntu2
2012-10-16 23:02:08 configure adduser:all 3.113+nmu1ubuntu1 <none>
2012-10-16 23:02:08 status unpacked adduser:all 3.113+nmu1ubuntu1
2012-10-16 23:02:08 status unpacked adduser:all 3.113+nmu1ubuntu1
2012-10-16 23:02:08 status half-configured adduser:all 3.113+nmu1ubuntu1
2012-10-16 23:02:09 status installed adduser:all 3.113+nmu1ubuntu1
2012-10-16 23:02:09 configure libblkid1:armhf 2.20.1-5.1ubuntu2 <none>
2012-10-16 23:02:09 status unpacked libblkid1:armhf 2.20.1-5.1ubuntu2
2012-10-16 23:02:09 status unpacked libblkid1:armhf 2.20.1-5.1ubuntu2
2012-10-16 23:02:09 status half-configured libblkid1:armhf 2.20.1-5.1ubuntu2
2012-10-16 23:02:09 status installed libblkid1:armhf 2.20.1-5.1ubuntu2
2012-10-16 23:02:09 configure util-linux:armhf 2.20.1-5.1ubuntu2 <none>
2012-10-16 23:02:09 status unpacked util-linux:armhf 2.20.1-5.1ubuntu2
2012-10-16 23:02:09 status unpacked util-linux:armhf 2.20.1-5.1ubuntu2
2012-10-16 23:02:09 status unpacked util-linux:armhf 2.20.1-5.1ubuntu2
2012-10-16 23:02:09 status half-configured util-linux:armhf 2.20.1-5.1ubuntu2
2012-10-16 23:02:09 status installed util-linux:armhf 2.20.1-5.1ubuntu2
2012-10-16 23:02:09 configure libmount1:armhf 2.20.1-5.1ubuntu2 <none>
2012-10-16 23:02:09 status unpacked libmount1:armhf 2.20.1-5.1ubuntu2
2012-10-16 23:02:09 status half-configured libmount1:armhf 2.20.1-5.1ubuntu2
2012-10-16 23:02:09 status installed libmount1:armhf 2.20.1-5.1ubuntu2
2012-10-16 23:02:09 configure mount:armhf 2.20.1-5.1ubuntu2 <none>
2012-10-16 23:02:09 status unpacked mount:armhf 2.20.1-5.1ubuntu2
2012-10-16 23:02:09 status half-configured mount:armhf 2.20.1-5.1ubuntu2
2012-10-16 23:02:09 status installed mount:armhf 2.20.1-5.1ubuntu2
2012-10-16 23:02:09 configure e2fsprogs:armhf 1.42.5-1ubuntu2 <none>
2012-10-16 23:02:09 status unpacked e2fsprogs:armhf 1.42.5-1ubuntu2
2012-10-16 23:02:09 status unpacked e2fsprogs:armhf 1.42.5-1ubuntu2
2012-10-16 23:02:09 status half-configured e2fsprogs:armhf 1.42.5-1ubuntu2
2012-10-16 23:02:09 status installed e2fsprogs:armhf 1.42.5-1ubuntu2
2012-10-16 23:02:09 configure udev:armhf 175-0ubuntu13 <none>
2012-10-16 23:02:09 status unpacked udev:armhf 175-0ubuntu13
2012-10-16 23:02:09 status unpacked udev:armhf 175-0ubuntu13
2012-10-16 23:02:09 status unpacked udev:armhf 175-0ubuntu13
2012-10-16 23:02:09 status unpacked udev:armhf 175-0ubuntu13
2012-10-16 23:02:09 status unpacked udev:armhf 175-0ubuntu13
2012-10-16 23:02:09 status unpacked udev:armhf 175-0ubuntu13
2012-10-16 23:02:09 status unpacked udev:armhf 175-0ubuntu13
2012-10-16 23:02:09 status unpacked udev:armhf 175-0ubuntu13
2012-10-16 23:02:09 status half-configured udev:armhf 175-0ubuntu13
2012-10-16 23:02:10 status installed udev:armhf 175-0ubuntu13
2012-10-16 23:02:10 configure initramfs-tools:all 0.103ubuntu0.2 <none>
2012-10-16 23:02:10 status unpacked initramfs-tools:all 0.103ubuntu0.2
2012-10-16 23:02:10 status unpacked initramfs-tools:all 0.103ubuntu0.2
2012-10-16 23:02:10 status unpacked initramfs-tools:all 0.103ubuntu0.2
2012-10-16 23:02:10 status unpacked initramfs-tools:all 0.103ubuntu0.2
2012-10-16 23:02:10 status unpacked initramfs-tools:all 0.103ubuntu0.2
2012-10-16 23:02:10 status unpacked initramfs-tools:all 0.103ubuntu0.2
2012-10-16 23:02:10 status half-configured initramfs-tools:all 0.103ubuntu0.2
2012-10-16 23:02:10 status installed initramfs-tools:all 0.103ubuntu0.2
2012-10-16 23:02:10 status triggers-pending initramfs-tools:all 0.103ubuntu0.2
2012-10-16 23:02:10 configure plymouth:armhf 0.8.4-0ubuntu3 <none>
2012-10-16 23:02:10 status unpacked plymouth:armhf 0.8.4-0ubuntu3
2012-10-16 23:02:10 status unpacked plymouth:armhf 0.8.4-0ubuntu3
2012-10-16 23:02:10 status unpacked plymouth:armhf 0.8.4-0ubuntu3
2012-10-16 23:02:10 status unpacked plymouth:armhf 0.8.4-0ubuntu3
2012-10-16 23:02:10 status unpacked plymouth:armhf 0.8.4-0ubuntu3
2012-10-16 23:02:10 status unpacked plymouth:armhf 0.8.4-0ubuntu3
2012-10-16 23:02:10 status half-configured plymouth:armhf 0.8.4-0ubuntu3
2012-10-16 23:02:10 status installed plymouth:armhf 0.8.4-0ubuntu3
2012-10-16 23:02:10 trigproc libc-bin:armhf 2.15-0ubuntu20 <none>
2012-10-16 23:02:10 status half-configured libc-bin:armhf 2.15-0ubuntu20
2012-10-16 23:02:10 status installed libc-bin:armhf 2.15-0ubuntu20
2012-10-16 23:02:10 trigproc initramfs-tools:all 0.103ubuntu0.2 <none>
2012-10-16 23:02:10 status half-configured initramfs-tools:all 0.103ubuntu0.2
2012-10-16 23:02:10 status installed initramfs-tools:all 0.103ubuntu0.2
2012-10-16 23:02:11 startup archives unpack
2012-10-16 23:02:12 install apt:armhf <none> 0.9.7.5ubuntu5
2012-10-16 23:02:12 status half-installed apt:armhf 0.9.7.5ubuntu5
2012-10-16 23:02:12 status unpacked apt:armhf 0.9.7.5ubuntu5
2012-10-16 23:02:12 status unpacked apt:armhf 0.9.7.5ubuntu5
2012-10-16 23:02:12 install gnupg:armhf <none> 1.4.11-3ubuntu4
2012-10-16 23:02:12 status half-installed gnupg:armhf 1.4.11-3ubuntu4
2012-10-16 23:02:12 status unpacked gnupg:armhf 1.4.11-3ubuntu4
2012-10-16 23:02:12 status unpacked gnupg:armhf 1.4.11-3ubuntu4
2012-10-16 23:02:12 install gpgv:armhf <none> 1.4.11-3ubuntu4
2012-10-16 23:02:12 status half-installed gpgv:armhf 1.4.11-3ubuntu4
2012-10-16 23:02:12 status unpacked gpgv:armhf 1.4.11-3ubuntu4
2012-10-16 23:02:12 status unpacked gpgv:armhf 1.4.11-3ubuntu4
2012-10-16 23:02:12 install libapt-pkg4.12:armhf <none> 0.9.7.5ubuntu5
2012-10-16 23:02:12 status half-installed libapt-pkg4.12:armhf 0.9.7.5ubuntu5
2012-10-16 23:02:13 status unpacked libapt-pkg4.12:armhf 0.9.7.5ubuntu5
2012-10-16 23:02:13 status unpacked libapt-pkg4.12:armhf 0.9.7.5ubuntu5
2012-10-16 23:02:13 install libreadline6:armhf <none> 6.2-9
2012-10-16 23:02:13 status half-installed libreadline6:armhf 6.2-9
2012-10-16 23:02:13 status unpacked libreadline6:armhf 6.2-9
2012-10-16 23:02:13 status unpacked libreadline6:armhf 6.2-9
2012-10-16 23:02:13 install libstdc++6:armhf <none> 4.7.2-2ubuntu1
2012-10-16 23:02:13 status half-installed libstdc++6:armhf 4.7.2-2ubuntu1
2012-10-16 23:02:13 status unpacked libstdc++6:armhf 4.7.2-2ubuntu1
2012-10-16 23:02:13 status unpacked libstdc++6:armhf 4.7.2-2ubuntu1
2012-10-16 23:02:13 install libusb-0.1-4:armhf <none> 2:0.1.12-23
2012-10-16 23:02:13 status half-installed libusb-0.1-4:armhf 2:0.1.12-23
2012-10-16 23:02:13 status unpacked libusb-0.1-4:armhf 2:0.1.12-23
2012-10-16 23:02:13 status unpacked libusb-0.1-4:armhf 2:0.1.12-23
2012-10-16 23:02:13 install readline-common:all <none> 6.2-9
2012-10-16 23:02:13 status half-installed readline-common:all 6.2-9
2012-10-16 23:02:13 status unpacked readline-common:all 6.2-9
2012-10-16 23:02:13 status unpacked readline-common:all 6.2-9
2012-10-16 23:02:13 install ubuntu-keyring:all <none> 2012.05.19
2012-10-16 23:02:13 status half-installed ubuntu-keyring:all 2012.05.19
2012-10-16 23:02:13 status unpacked ubuntu-keyring:all 2012.05.19
2012-10-16 23:02:13 status unpacked ubuntu-keyring:all 2012.05.19
2012-10-16 23:02:13 startup packages configure
2012-10-16 23:02:13 configure libusb-0.1-4:armhf 2:0.1.12-23 <none>
2012-10-16 23:02:13 status unpacked libusb-0.1-4:armhf 2:0.1.12-23
2012-10-16 23:02:13 status half-configured libusb-0.1-4:armhf 2:0.1.12-23
2012-10-16 23:02:13 status installed libusb-0.1-4:armhf 2:0.1.12-23
2012-10-16 23:02:13 status triggers-pending libc-bin:armhf 2.15-0ubuntu20
2012-10-16 23:02:13 configure ubuntu-keyring:all 2012.05.19 <none>
2012-10-16 23:02:13 status unpacked ubuntu-keyring:all 2012.05.19
2012-10-16 23:02:13 status half-configured ubuntu-keyring:all 2012.05.19
2012-10-16 23:02:14 status installed ubuntu-keyring:all 2012.05.19
2012-10-16 23:02:14 configure libstdc++6:armhf 4.7.2-2ubuntu1 <none>
2012-10-16 23:02:14 status unpacked libstdc++6:armhf 4.7.2-2ubuntu1
2012-10-16 23:02:14 status half-configured libstdc++6:armhf 4.7.2-2ubuntu1
2012-10-16 23:02:14 status installed libstdc++6:armhf 4.7.2-2ubuntu1
2012-10-16 23:02:14 configure readline-common:all 6.2-9 <none>
2012-10-16 23:02:14 status unpacked readline-common:all 6.2-9
2012-10-16 23:02:14 status half-configured readline-common:all 6.2-9
2012-10-16 23:02:14 status installed readline-common:all 6.2-9
2012-10-16 23:02:14 configure libapt-pkg4.12:armhf 0.9.7.5ubuntu5 <none>
2012-10-16 23:02:14 status unpacked libapt-pkg4.12:armhf 0.9.7.5ubuntu5
2012-10-16 23:02:14 status half-configured libapt-pkg4.12:armhf 0.9.7.5ubuntu5
2012-10-16 23:02:14 status installed libapt-pkg4.12:armhf 0.9.7.5ubuntu5
2012-10-16 23:02:14 configure libreadline6:armhf 6.2-9 <none>
2012-10-16 23:02:14 status unpacked libreadline6:armhf 6.2-9
2012-10-16 23:02:14 status half-configured libreadline6:armhf 6.2-9
2012-10-16 23:02:14 status installed libreadline6:armhf 6.2-9
2012-10-16 23:02:14 configure gpgv:armhf 1.4.11-3ubuntu4 <none>
2012-10-16 23:02:14 status unpacked gpgv:armhf 1.4.11-3ubuntu4
2012-10-16 23:02:14 status half-configured gpgv:armhf 1.4.11-3ubuntu4
2012-10-16 23:02:14 status installed gpgv:armhf 1.4.11-3ubuntu4
2012-10-16 23:02:14 configure gnupg:armhf 1.4.11-3ubuntu4 <none>
2012-10-16 23:02:14 status unpacked gnupg:armhf 1.4.11-3ubuntu4
2012-10-16 23:02:14 status half-configured gnupg:armhf 1.4.11-3ubuntu4
2012-10-16 23:02:14 status installed gnupg:armhf 1.4.11-3ubuntu4
2012-10-16 23:02:14 configure apt:armhf 0.9.7.5ubuntu5 <none>
2012-10-16 23:02:14 status unpacked apt:armhf 0.9.7.5ubuntu5
2012-10-16 23:02:14 status unpacked apt:armhf 0.9.7.5ubuntu5
2012-10-16 23:02:14 status unpacked apt:armhf 0.9.7.5ubuntu5
2012-10-16 23:02:14 status unpacked apt:armhf 0.9.7.5ubuntu5
2012-10-16 23:02:14 status unpacked apt:armhf 0.9.7.5ubuntu5
2012-10-16 23:02:14 status half-configured apt:armhf 0.9.7.5ubuntu5
2012-10-16 23:02:14 status installed apt:armhf 0.9.7.5ubuntu5
2012-10-16 23:02:14 trigproc libc-bin:armhf 2.15-0ubuntu20 <none>
2012-10-16 23:02:14 status half-configured libc-bin:armhf 2.15-0ubuntu20
2012-10-16 23:02:14 status installed libc-bin:armhf 2.15-0ubuntu20
